#
# There is insufficient memory for the Java Runtime Environment to continue.
# Native memory allocation (malloc) failed to allocate 1328016 bytes for Chunk::new
# Possible reasons:
#   The system is out of physical RAM or swap space
#   The process is running with CompressedOops enabled, and the Java Heap may be blocking the growth of the native heap
# Possible solutions:
#   Reduce memory load on the system
#   Increase physical memory or swap space
#   Check if swap backing store is full
#   Decrease Java heap size (-Xmx/-Xms)
#   Decrease number of Java threads
#   Decrease Java thread stack sizes (-Xss)
#   Set larger code cache with -XX:ReservedCodeCacheSize=
#   JVM is running with Unscaled Compressed Oops mode in which the Java heap is
#     placed in the first 4GB address space. The Java Heap base address is the
#     maximum limit for the native heap growth. Please use -XX:HeapBaseMinAddress
#     to set the Java Heap base and to place the Java Heap above 4GB virtual address.
# This output file may be truncated or incomplete.
#
#  Out of Memory Error (./src/hotspot/share/memory/arena.cpp:197), pid=13476, tid=6468
#
# JRE version: OpenJDK Runtime Environment Corretto-11.0.18.10.1 (11.0.18+10) (build 11.0.18+10-LTS)
# Java VM: OpenJDK 64-Bit Server VM Corretto-11.0.18.10.1 (11.0.18+10-LTS, mixed mode, tiered, compressed oops, g1 gc, windows-amd64)
# No core dump will be written. Minidumps are not enabled by default on client versions of Windows
#

---------------  S U M M A R Y ------------

Command Line: -javaagent:C:\Program Files\JetBrains\IntelliJ IDEA Community Edition 2022.2.3\lib\idea_rt.jar=63673:C:\Program Files\JetBrains\IntelliJ IDEA Community Edition 2022.2.3\bin -Dfile.encoding=UTF-8 Main

Host: Intel(R) Core(TM) i5-7200U CPU @ 2.50GHz, 4 cores, 7G,  Windows 10 , 64 bit Build 19041 (10.0.19041.2546)
Time: Fri Mar 24 04:00:45 2023 Maroc elapsed time: 6.683854 seconds (0d 0h 0m 6s)

---------------  T H R E A D  ---------------

Current thread (0x00000175b9d35000):  JavaThread "C2 CompilerThread0" daemon [_thread_in_native, id=6468, stack(0x000000684ef00000,0x000000684f000000)]


Current CompileTask:
C2:   6683 1220   !   4       sun.awt.image.PNGImageDecoder::produceImage (1916 bytes)

Stack: [0x000000684ef00000,0x000000684f000000]
Native frames: (J=compiled Java code, j=interpreted, Vv=VM code, C=native code)
V  [jvm.dll+0x622d9a]
V  [jvm.dll+0x7b0289]
V  [jvm.dll+0x7b1978]
V  [jvm.dll+0x7b2053]
V  [jvm.dll+0x24fe08]
V  [jvm.dll+0xc264c]
V  [jvm.dll+0xc2c0c]
V  [jvm.dll+0x35c7e7]
V  [jvm.dll+0x19eb09]
V  [jvm.dll+0x2093a5]
V  [jvm.dll+0x20841d]
V  [jvm.dll+0x18a3c1]
V  [jvm.dll+0x217ac4]
V  [jvm.dll+0x215d0b]
V  [jvm.dll+0x772d90]
V  [jvm.dll+0x76bcc4]
V  [jvm.dll+0x621c05]
C  [ucrtbase.dll+0x21bb2]
C  [KERNEL32.DLL+0x17614]
C  [ntdll.dll+0x526a1]


---------------  P R O C E S S  ---------------

Threads class SMR info:
_java_thread_list=0x00000175bcbf1a60, length=18, elements={
0x00000175b9d37000, 0x00000175b9d40800, 0x00000175ba6e2800, 0x00000175b9d2f000,
0x00000175b9d31000, 0x00000175b9d35000, 0x00000175ba727800, 0x00000175ba73c800,
0x00000175ba836000, 0x00000175ba91c800, 0x00000175bac13000, 0x00000175bac16000,
0x00000175bac43000, 0x00000175baf4e800, 0x00000175baf09800, 0x00000175bcff7000,
0x000001759b58f000, 0x00000175bb0df800
}

Java Threads: ( => current thread )
  0x00000175b9d37000 JavaThread "Reference Handler" daemon [_thread_blocked, id=4672, stack(0x000000684ea00000,0x000000684eb00000)]
  0x00000175b9d40800 JavaThread "Finalizer" daemon [_thread_blocked, id=9932, stack(0x000000684eb00000,0x000000684ec00000)]
  0x00000175ba6e2800 JavaThread "Signal Dispatcher" daemon [_thread_blocked, id=6828, stack(0x000000684ec00000,0x000000684ed00000)]
  0x00000175b9d2f000 JavaThread "Attach Listener" daemon [_thread_blocked, id=15388, stack(0x000000684ed00000,0x000000684ee00000)]
  0x00000175b9d31000 JavaThread "Service Thread" daemon [_thread_blocked, id=13644, stack(0x000000684ee00000,0x000000684ef00000)]
=>0x00000175b9d35000 JavaThread "C2 CompilerThread0" daemon [_thread_in_native, id=6468, stack(0x000000684ef00000,0x000000684f000000)]
  0x00000175ba727800 JavaThread "C1 CompilerThread0" daemon [_thread_blocked, id=11452, stack(0x000000684f000000,0x000000684f100000)]
  0x00000175ba73c800 JavaThread "Sweeper thread" daemon [_thread_blocked, id=17156, stack(0x000000684f100000,0x000000684f200000)]
  0x00000175ba836000 JavaThread "Common-Cleaner" daemon [_thread_blocked, id=7316, stack(0x000000684f200000,0x000000684f300000)]
  0x00000175ba91c800 JavaThread "Monitor Ctrl-Break" daemon [_thread_in_native, id=13956, stack(0x000000684f300000,0x000000684f400000)]
  0x00000175bac13000 JavaThread "Java2D Disposer" daemon [_thread_blocked, id=5484, stack(0x000000684f500000,0x000000684f600000)]
  0x00000175bac16000 JavaThread "AWT-Shutdown" [_thread_blocked, id=3300, stack(0x000000684f600000,0x000000684f700000)]
  0x00000175bac43000 JavaThread "AWT-Windows" daemon [_thread_in_native, id=16328, stack(0x000000684f700000,0x000000684f800000)]
  0x00000175baf4e800 JavaThread "AWT-EventQueue-0" [_thread_blocked, id=13432, stack(0x000000684fa00000,0x000000684fb00000)]
  0x00000175baf09800 JavaThread "Timer-0" [_thread_blocked, id=13792, stack(0x000000684fb00000,0x000000684fc00000)]
  0x00000175bcff7000 JavaThread "TimerQueue" daemon [_thread_blocked, id=12908, stack(0x0000006850200000,0x0000006850300000)]
  0x000001759b58f000 JavaThread "DestroyJavaVM" [_thread_blocked, id=1168, stack(0x000000684e300000,0x000000684e400000)]
  0x00000175bb0df800 JavaThread "Image Fetcher 0" daemon [_thread_blocked, id=13560, stack(0x000000684f800000,0x000000684f900000)]

Other Threads:
  0x00000175b9d01000 VMThread "VM Thread" [stack: 0x000000684e900000,0x000000684ea00000] [id=10968]
  0x00000175ba91d800 WatcherThread [stack: 0x000000684f400000,0x000000684f500000] [id=11876]
  0x000001759b5a8000 GCTaskThread "GC Thread#0" [stack: 0x000000684e400000,0x000000684e500000] [id=6864]
  0x00000175bce08800 GCTaskThread "GC Thread#1" [stack: 0x000000684ff00000,0x0000006850000000] [id=17036]
  0x00000175bad88000 GCTaskThread "GC Thread#2" [stack: 0x0000006850000000,0x0000006850100000] [id=12452]
  0x00000175bb0c3000 GCTaskThread "GC Thread#3" [stack: 0x0000006850100000,0x0000006850200000] [id=2320]
  0x000001759b5d3000 ConcurrentGCThread "G1 Main Marker" [stack: 0x000000684e500000,0x000000684e600000] [id=13708]
  0x000001759b5d6800 ConcurrentGCThread "G1 Conc#0" [stack: 0x000000684e600000,0x000000684e700000] [id=11636]
  0x000001759b66b000 ConcurrentGCThread "G1 Refine#0" [stack: 0x000000684e700000,0x000000684e800000] [id=10256]
  0x000001759b66c000 ConcurrentGCThread "G1 Young RemSet Sampling" [stack: 0x000000684e800000,0x000000684e900000] [id=9024]

Threads with active compile tasks:
C2 CompilerThread0     6769 1220   !   4       sun.awt.image.PNGImageDecoder::produceImage (1916 bytes)

VM state:not at safepoint (normal execution)

VM Mutex/Monitor currently owned by a thread: None

Heap address: 0x0000000081e00000, size: 2018 MB, Compressed Oops mode: 32-bit
Narrow klass base: 0x0000000000000000, Narrow klass shift: 3
Compressed class space size: 1073741824 Address: 0x0000000100000000

Heap:
 garbage-first heap   total 131072K, used 32127K [0x0000000081e00000, 0x0000000100000000)
  region size 1024K, 15 young (15360K), 2 survivors (2048K)
 Metaspace       used 16424K, capacity 16869K, committed 17152K, reserved 1064960K
  class space    used 1720K, capacity 1931K, committed 2048K, reserved 1048576K
Heap Regions: E=young(eden), S=young(survivor), O=old, HS=humongous(starts), HC=humongous(continues), CS=collection set, F=free, A=archive, TAMS=top-at-mark-start (previous, next)
|   0|0x0000000081e00000, 0x0000000081f00000, 0x0000000081f00000|100%|HS|  |TAMS 0x0000000081e00000, 0x0000000081e00000| Complete 
|   1|0x0000000081f00000, 0x0000000082000000, 0x0000000082000000|100%|HC|  |TAMS 0x0000000081f00000, 0x0000000081f00000| Complete 
|   2|0x0000000082000000, 0x0000000082100000, 0x0000000082100000|100%|HC|  |TAMS 0x0000000082000000, 0x0000000082000000| Complete 
|   3|0x0000000082100000, 0x0000000082200000, 0x0000000082200000|100%|HC|  |TAMS 0x0000000082100000, 0x0000000082100000| Complete 
|   4|0x0000000082200000, 0x000000008225fc00, 0x0000000082300000| 37%| O|  |TAMS 0x0000000082200000, 0x0000000082200000| Untracked 
|   5|0x0000000082300000, 0x0000000082400000, 0x0000000082400000|100%|HS|  |TAMS 0x0000000082300000, 0x0000000082300000| Complete 
|   6|0x0000000082400000, 0x0000000082500000, 0x0000000082500000|100%|HC|  |TAMS 0x0000000082400000, 0x0000000082400000| Complete 
|   7|0x0000000082500000, 0x0000000082600000, 0x0000000082600000|100%|HC|  |TAMS 0x0000000082500000, 0x0000000082500000| Complete 
|   8|0x0000000082600000, 0x0000000082700000, 0x0000000082700000|100%|HC|  |TAMS 0x0000000082600000, 0x0000000082600000| Complete 
|   9|0x0000000082700000, 0x0000000082800000, 0x0000000082800000|100%|HC|  |TAMS 0x0000000082700000, 0x0000000082700000| Complete 
|  10|0x0000000082800000, 0x0000000082900000, 0x0000000082900000|100%|HS|  |TAMS 0x0000000082800000, 0x0000000082800000| Complete 
|  11|0x0000000082900000, 0x0000000082a00000, 0x0000000082a00000|100%|HC|  |TAMS 0x0000000082900000, 0x0000000082900000| Complete 
|  12|0x0000000082a00000, 0x0000000082b00000, 0x0000000082b00000|100%|HC|  |TAMS 0x0000000082a00000, 0x0000000082a00000| Complete 
|  13|0x0000000082b00000, 0x0000000082c00000, 0x0000000082c00000|100%|HS|  |TAMS 0x0000000082b00000, 0x0000000082b00000| Complete 
|  14|0x0000000082c00000, 0x0000000082d00000, 0x0000000082d00000|100%|HC|  |TAMS 0x0000000082c00000, 0x0000000082c00000| Complete 
|  15|0x0000000082d00000, 0x0000000082e00000, 0x0000000082e00000|100%|HC|  |TAMS 0x0000000082d00000, 0x0000000082d00000| Complete 
|  16|0x0000000082e00000, 0x0000000082f00000, 0x0000000082f00000|100%|HC|  |TAMS 0x0000000082e00000, 0x0000000082e00000| Complete 
|  17|0x0000000082f00000, 0x0000000083000000, 0x0000000083000000|100%|HC|  |TAMS 0x0000000082f00000, 0x0000000082f00000| Complete 
|  18|0x0000000083000000, 0x0000000083000000, 0x0000000083100000|  0%| F|  |TAMS 0x0000000083000000, 0x0000000083000000| Untracked 
|  19|0x0000000083100000, 0x0000000083100000, 0x0000000083200000|  0%| F|  |TAMS 0x0000000083100000, 0x0000000083100000| Untracked 
|  20|0x0000000083200000, 0x0000000083200000, 0x0000000083300000|  0%| F|  |TAMS 0x0000000083200000, 0x0000000083200000| Untracked 
|  21|0x0000000083300000, 0x0000000083300000, 0x0000000083400000|  0%| F|  |TAMS 0x0000000083300000, 0x0000000083300000| Untracked 
|  22|0x0000000083400000, 0x0000000083400000, 0x0000000083500000|  0%| F|  |TAMS 0x0000000083400000, 0x0000000083400000| Untracked 
|  23|0x0000000083500000, 0x0000000083500000, 0x0000000083600000|  0%| F|  |TAMS 0x0000000083500000, 0x0000000083500000| Untracked 
|  24|0x0000000083600000, 0x0000000083600000, 0x0000000083700000|  0%| F|  |TAMS 0x0000000083600000, 0x0000000083600000| Untracked 
|  25|0x0000000083700000, 0x0000000083700000, 0x0000000083800000|  0%| F|  |TAMS 0x0000000083700000, 0x0000000083700000| Untracked 
|  26|0x0000000083800000, 0x0000000083800000, 0x0000000083900000|  0%| F|  |TAMS 0x0000000083800000, 0x0000000083800000| Untracked 
|  27|0x0000000083900000, 0x0000000083900000, 0x0000000083a00000|  0%| F|  |TAMS 0x0000000083900000, 0x0000000083900000| Untracked 
|  28|0x0000000083a00000, 0x0000000083a00000, 0x0000000083b00000|  0%| F|  |TAMS 0x0000000083a00000, 0x0000000083a00000| Untracked 
|  29|0x0000000083b00000, 0x0000000083b00000, 0x0000000083c00000|  0%| F|  |TAMS 0x0000000083b00000, 0x0000000083b00000| Untracked 
|  30|0x0000000083c00000, 0x0000000083c00000, 0x0000000083d00000|  0%| F|  |TAMS 0x0000000083c00000, 0x0000000083c00000| Untracked 
|  31|0x0000000083d00000, 0x0000000083d00000, 0x0000000083e00000|  0%| F|  |TAMS 0x0000000083d00000, 0x0000000083d00000| Untracked 
|  32|0x0000000083e00000, 0x0000000083e00000, 0x0000000083f00000|  0%| F|  |TAMS 0x0000000083e00000, 0x0000000083e00000| Untracked 
|  33|0x0000000083f00000, 0x0000000083f00000, 0x0000000084000000|  0%| F|  |TAMS 0x0000000083f00000, 0x0000000083f00000| Untracked 
|  34|0x0000000084000000, 0x0000000084000000, 0x0000000084100000|  0%| F|  |TAMS 0x0000000084000000, 0x0000000084000000| Untracked 
|  35|0x0000000084100000, 0x0000000084100000, 0x0000000084200000|  0%| F|  |TAMS 0x0000000084100000, 0x0000000084100000| Untracked 
|  36|0x0000000084200000, 0x0000000084200000, 0x0000000084300000|  0%| F|  |TAMS 0x0000000084200000, 0x0000000084200000| Untracked 
|  37|0x0000000084300000, 0x0000000084300000, 0x0000000084400000|  0%| F|  |TAMS 0x0000000084300000, 0x0000000084300000| Untracked 
|  38|0x0000000084400000, 0x0000000084400000, 0x0000000084500000|  0%| F|  |TAMS 0x0000000084400000, 0x0000000084400000| Untracked 
|  39|0x0000000084500000, 0x0000000084500000, 0x0000000084600000|  0%| F|  |TAMS 0x0000000084500000, 0x0000000084500000| Untracked 
|  40|0x0000000084600000, 0x0000000084600000, 0x0000000084700000|  0%| F|  |TAMS 0x0000000084600000, 0x0000000084600000| Untracked 
|  41|0x0000000084700000, 0x0000000084700000, 0x0000000084800000|  0%| F|  |TAMS 0x0000000084700000, 0x0000000084700000| Untracked 
|  42|0x0000000084800000, 0x0000000084800000, 0x0000000084900000|  0%| F|  |TAMS 0x0000000084800000, 0x0000000084800000| Untracked 
|  43|0x0000000084900000, 0x0000000084900000, 0x0000000084a00000|  0%| F|  |TAMS 0x0000000084900000, 0x0000000084900000| Untracked 
|  44|0x0000000084a00000, 0x0000000084a00000, 0x0000000084b00000|  0%| F|  |TAMS 0x0000000084a00000, 0x0000000084a00000| Untracked 
|  45|0x0000000084b00000, 0x0000000084b00000, 0x0000000084c00000|  0%| F|  |TAMS 0x0000000084b00000, 0x0000000084b00000| Untracked 
|  46|0x0000000084c00000, 0x0000000084c00000, 0x0000000084d00000|  0%| F|  |TAMS 0x0000000084c00000, 0x0000000084c00000| Untracked 
|  47|0x0000000084d00000, 0x0000000084d00000, 0x0000000084e00000|  0%| F|  |TAMS 0x0000000084d00000, 0x0000000084d00000| Untracked 
|  48|0x0000000084e00000, 0x0000000084e00000, 0x0000000084f00000|  0%| F|  |TAMS 0x0000000084e00000, 0x0000000084e00000| Untracked 
|  49|0x0000000084f00000, 0x0000000084f00000, 0x0000000085000000|  0%| F|  |TAMS 0x0000000084f00000, 0x0000000084f00000| Untracked 
|  50|0x0000000085000000, 0x0000000085000000, 0x0000000085100000|  0%| F|  |TAMS 0x0000000085000000, 0x0000000085000000| Untracked 
|  51|0x0000000085100000, 0x0000000085100000, 0x0000000085200000|  0%| F|  |TAMS 0x0000000085100000, 0x0000000085100000| Untracked 
|  52|0x0000000085200000, 0x0000000085200000, 0x0000000085300000|  0%| F|  |TAMS 0x0000000085200000, 0x0000000085200000| Untracked 
|  53|0x0000000085300000, 0x0000000085300000, 0x0000000085400000|  0%| F|  |TAMS 0x0000000085300000, 0x0000000085300000| Untracked 
|  54|0x0000000085400000, 0x0000000085400000, 0x0000000085500000|  0%| F|  |TAMS 0x0000000085400000, 0x0000000085400000| Untracked 
|  55|0x0000000085500000, 0x0000000085500000, 0x0000000085600000|  0%| F|  |TAMS 0x0000000085500000, 0x0000000085500000| Untracked 
|  56|0x0000000085600000, 0x0000000085600000, 0x0000000085700000|  0%| F|  |TAMS 0x0000000085600000, 0x0000000085600000| Untracked 
|  57|0x0000000085700000, 0x0000000085700000, 0x0000000085800000|  0%| F|  |TAMS 0x0000000085700000, 0x0000000085700000| Untracked 
|  58|0x0000000085800000, 0x0000000085800000, 0x0000000085900000|  0%| F|  |TAMS 0x0000000085800000, 0x0000000085800000| Untracked 
|  59|0x0000000085900000, 0x0000000085900000, 0x0000000085a00000|  0%| F|  |TAMS 0x0000000085900000, 0x0000000085900000| Untracked 
|  60|0x0000000085a00000, 0x0000000085a00000, 0x0000000085b00000|  0%| F|  |TAMS 0x0000000085a00000, 0x0000000085a00000| Untracked 
|  61|0x0000000085b00000, 0x0000000085b00000, 0x0000000085c00000|  0%| F|  |TAMS 0x0000000085b00000, 0x0000000085b00000| Untracked 
|  62|0x0000000085c00000, 0x0000000085c00000, 0x0000000085d00000|  0%| F|  |TAMS 0x0000000085c00000, 0x0000000085c00000| Untracked 
|  63|0x0000000085d00000, 0x0000000085d00000, 0x0000000085e00000|  0%| F|  |TAMS 0x0000000085d00000, 0x0000000085d00000| Untracked 
|  64|0x0000000085e00000, 0x0000000085e00000, 0x0000000085f00000|  0%| F|  |TAMS 0x0000000085e00000, 0x0000000085e00000| Untracked 
|  65|0x0000000085f00000, 0x0000000085f00000, 0x0000000086000000|  0%| F|  |TAMS 0x0000000085f00000, 0x0000000085f00000| Untracked 
|  66|0x0000000086000000, 0x0000000086000000, 0x0000000086100000|  0%| F|  |TAMS 0x0000000086000000, 0x0000000086000000| Untracked 
|  67|0x0000000086100000, 0x0000000086100000, 0x0000000086200000|  0%| F|  |TAMS 0x0000000086100000, 0x0000000086100000| Untracked 
|  68|0x0000000086200000, 0x0000000086200000, 0x0000000086300000|  0%| F|  |TAMS 0x0000000086200000, 0x0000000086200000| Untracked 
|  69|0x0000000086300000, 0x0000000086300000, 0x0000000086400000|  0%| F|  |TAMS 0x0000000086300000, 0x0000000086300000| Untracked 
|  70|0x0000000086400000, 0x0000000086400000, 0x0000000086500000|  0%| F|  |TAMS 0x0000000086400000, 0x0000000086400000| Untracked 
|  71|0x0000000086500000, 0x0000000086500000, 0x0000000086600000|  0%| F|  |TAMS 0x0000000086500000, 0x0000000086500000| Untracked 
|  72|0x0000000086600000, 0x0000000086600000, 0x0000000086700000|  0%| F|  |TAMS 0x0000000086600000, 0x0000000086600000| Untracked 
|  73|0x0000000086700000, 0x0000000086700000, 0x0000000086800000|  0%| F|  |TAMS 0x0000000086700000, 0x0000000086700000| Untracked 
|  74|0x0000000086800000, 0x0000000086800000, 0x0000000086900000|  0%| F|  |TAMS 0x0000000086800000, 0x0000000086800000| Untracked 
|  75|0x0000000086900000, 0x0000000086900000, 0x0000000086a00000|  0%| F|  |TAMS 0x0000000086900000, 0x0000000086900000| Untracked 
|  76|0x0000000086a00000, 0x0000000086a00000, 0x0000000086b00000|  0%| F|  |TAMS 0x0000000086a00000, 0x0000000086a00000| Untracked 
|  77|0x0000000086b00000, 0x0000000086b00000, 0x0000000086c00000|  0%| F|  |TAMS 0x0000000086b00000, 0x0000000086b00000| Untracked 
|  78|0x0000000086c00000, 0x0000000086c00000, 0x0000000086d00000|  0%| F|  |TAMS 0x0000000086c00000, 0x0000000086c00000| Untracked 
|  79|0x0000000086d00000, 0x0000000086d00000, 0x0000000086e00000|  0%| F|  |TAMS 0x0000000086d00000, 0x0000000086d00000| Untracked 
|  80|0x0000000086e00000, 0x0000000086e00000, 0x0000000086f00000|  0%| F|  |TAMS 0x0000000086e00000, 0x0000000086e00000| Untracked 
|  81|0x0000000086f00000, 0x0000000086f00000, 0x0000000087000000|  0%| F|  |TAMS 0x0000000086f00000, 0x0000000086f00000| Untracked 
|  82|0x0000000087000000, 0x0000000087000000, 0x0000000087100000|  0%| F|  |TAMS 0x0000000087000000, 0x0000000087000000| Untracked 
|  83|0x0000000087100000, 0x0000000087100000, 0x0000000087200000|  0%| F|  |TAMS 0x0000000087100000, 0x0000000087100000| Untracked 
|  84|0x0000000087200000, 0x0000000087200000, 0x0000000087300000|  0%| F|  |TAMS 0x0000000087200000, 0x0000000087200000| Untracked 
|  85|0x0000000087300000, 0x0000000087300000, 0x0000000087400000|  0%| F|  |TAMS 0x0000000087300000, 0x0000000087300000| Untracked 
|  86|0x0000000087400000, 0x0000000087400000, 0x0000000087500000|  0%| F|  |TAMS 0x0000000087400000, 0x0000000087400000| Untracked 
|  87|0x0000000087500000, 0x0000000087500000, 0x0000000087600000|  0%| F|  |TAMS 0x0000000087500000, 0x0000000087500000| Untracked 
|  88|0x0000000087600000, 0x0000000087600000, 0x0000000087700000|  0%| F|  |TAMS 0x0000000087600000, 0x0000000087600000| Untracked 
|  89|0x0000000087700000, 0x0000000087700000, 0x0000000087800000|  0%| F|  |TAMS 0x0000000087700000, 0x0000000087700000| Untracked 
|  90|0x0000000087800000, 0x0000000087800000, 0x0000000087900000|  0%| F|  |TAMS 0x0000000087800000, 0x0000000087800000| Untracked 
|  91|0x0000000087900000, 0x0000000087900000, 0x0000000087a00000|  0%| F|  |TAMS 0x0000000087900000, 0x0000000087900000| Untracked 
|  92|0x0000000087a00000, 0x0000000087a00000, 0x0000000087b00000|  0%| F|  |TAMS 0x0000000087a00000, 0x0000000087a00000| Untracked 
|  93|0x0000000087b00000, 0x0000000087b00000, 0x0000000087c00000|  0%| F|  |TAMS 0x0000000087b00000, 0x0000000087b00000| Untracked 
|  94|0x0000000087c00000, 0x0000000087c00000, 0x0000000087d00000|  0%| F|  |TAMS 0x0000000087c00000, 0x0000000087c00000| Untracked 
|  95|0x0000000087d00000, 0x0000000087d00000, 0x0000000087e00000|  0%| F|  |TAMS 0x0000000087d00000, 0x0000000087d00000| Untracked 
|  96|0x0000000087e00000, 0x0000000087e00000, 0x0000000087f00000|  0%| F|  |TAMS 0x0000000087e00000, 0x0000000087e00000| Untracked 
|  97|0x0000000087f00000, 0x0000000087f00000, 0x0000000088000000|  0%| F|  |TAMS 0x0000000087f00000, 0x0000000087f00000| Untracked 
|  98|0x0000000088000000, 0x0000000088000000, 0x0000000088100000|  0%| F|  |TAMS 0x0000000088000000, 0x0000000088000000| Untracked 
|  99|0x0000000088100000, 0x0000000088100000, 0x0000000088200000|  0%| F|  |TAMS 0x0000000088100000, 0x0000000088100000| Untracked 
| 100|0x0000000088200000, 0x0000000088200000, 0x0000000088300000|  0%| F|  |TAMS 0x0000000088200000, 0x0000000088200000| Untracked 
| 101|0x0000000088300000, 0x0000000088300000, 0x0000000088400000|  0%| F|  |TAMS 0x0000000088300000, 0x0000000088300000| Untracked 
| 102|0x0000000088400000, 0x0000000088400000, 0x0000000088500000|  0%| F|  |TAMS 0x0000000088400000, 0x0000000088400000| Untracked 
| 103|0x0000000088500000, 0x0000000088500000, 0x0000000088600000|  0%| F|  |TAMS 0x0000000088500000, 0x0000000088500000| Untracked 
| 104|0x0000000088600000, 0x0000000088600000, 0x0000000088700000|  0%| F|  |TAMS 0x0000000088600000, 0x0000000088600000| Untracked 
| 105|0x0000000088700000, 0x0000000088700000, 0x0000000088800000|  0%| F|  |TAMS 0x0000000088700000, 0x0000000088700000| Untracked 
| 106|0x0000000088800000, 0x0000000088800000, 0x0000000088900000|  0%| F|  |TAMS 0x0000000088800000, 0x0000000088800000| Untracked 
| 107|0x0000000088900000, 0x0000000088900000, 0x0000000088a00000|  0%| F|  |TAMS 0x0000000088900000, 0x0000000088900000| Untracked 
| 108|0x0000000088a00000, 0x0000000088a00000, 0x0000000088b00000|  0%| F|  |TAMS 0x0000000088a00000, 0x0000000088a00000| Untracked 
| 109|0x0000000088b00000, 0x0000000088b00000, 0x0000000088c00000|  0%| F|  |TAMS 0x0000000088b00000, 0x0000000088b00000| Untracked 
| 110|0x0000000088c00000, 0x0000000088c00000, 0x0000000088d00000|  0%| F|  |TAMS 0x0000000088c00000, 0x0000000088c00000| Untracked 
| 111|0x0000000088d00000, 0x0000000088d00000, 0x0000000088e00000|  0%| F|  |TAMS 0x0000000088d00000, 0x0000000088d00000| Untracked 
| 112|0x0000000088e00000, 0x0000000088f00000, 0x0000000088f00000|100%| S|CS|TAMS 0x0000000088e00000, 0x0000000088e00000| Complete 
| 113|0x0000000088f00000, 0x0000000089000000, 0x0000000089000000|100%| S|CS|TAMS 0x0000000088f00000, 0x0000000088f00000| Complete 
| 114|0x0000000089000000, 0x0000000089000000, 0x0000000089100000|  0%| F|  |TAMS 0x0000000089000000, 0x0000000089000000| Untracked 
| 115|0x0000000089100000, 0x0000000089188558, 0x0000000089200000| 53%| E|  |TAMS 0x0000000089100000, 0x0000000089100000| Complete 
| 116|0x0000000089200000, 0x0000000089300000, 0x0000000089300000|100%| E|CS|TAMS 0x0000000089200000, 0x0000000089200000| Complete 
| 117|0x0000000089300000, 0x0000000089400000, 0x0000000089400000|100%| E|CS|TAMS 0x0000000089300000, 0x0000000089300000| Complete 
| 118|0x0000000089400000, 0x0000000089500000, 0x0000000089500000|100%| E|CS|TAMS 0x0000000089400000, 0x0000000089400000| Complete 
| 119|0x0000000089500000, 0x0000000089600000, 0x0000000089600000|100%| E|CS|TAMS 0x0000000089500000, 0x0000000089500000| Complete 
| 120|0x0000000089600000, 0x0000000089700000, 0x0000000089700000|100%| E|CS|TAMS 0x0000000089600000, 0x0000000089600000| Complete 
| 121|0x0000000089700000, 0x0000000089800000, 0x0000000089800000|100%| E|CS|TAMS 0x0000000089700000, 0x0000000089700000| Complete 
| 122|0x0000000089800000, 0x0000000089900000, 0x0000000089900000|100%| E|CS|TAMS 0x0000000089800000, 0x0000000089800000| Complete 
| 123|0x0000000089900000, 0x0000000089a00000, 0x0000000089a00000|100%| E|CS|TAMS 0x0000000089900000, 0x0000000089900000| Complete 
| 124|0x0000000089a00000, 0x0000000089b00000, 0x0000000089b00000|100%| E|CS|TAMS 0x0000000089a00000, 0x0000000089a00000| Complete 
| 125|0x0000000089b00000, 0x0000000089c00000, 0x0000000089c00000|100%| E|CS|TAMS 0x0000000089b00000, 0x0000000089b00000| Complete 
| 126|0x0000000089c00000, 0x0000000089d00000, 0x0000000089d00000|100%| E|CS|TAMS 0x0000000089c00000, 0x0000000089c00000| Complete 
| 127|0x0000000089d00000, 0x0000000089e00000, 0x0000000089e00000|100%| E|CS|TAMS 0x0000000089d00000, 0x0000000089d00000| Complete 

Card table byte_map: [0x00000175b3110000,0x00000175b3510000] _byte_map_base: 0x00000175b2d01000

Marking Bits (Prev, Next): (CMBitMap*) 0x000001759b5ca298, (CMBitMap*) 0x000001759b5ca2d0
 Prev Bits: [0x00000175b3910000, 0x00000175b5898000)
 Next Bits: [0x00000175b58a0000, 0x00000175b7828000)

Polling page: 0x00000175993c0000

Metaspace:

Usage:
  Non-class:     14.59 MB capacity,    14.36 MB ( 98%) used,   187.02 KB (  1%) free+waste,    46.19 KB ( <1%) overhead. 
      Class:      1.89 MB capacity,     1.68 MB ( 89%) used,   186.29 KB ( 10%) free+waste,    24.63 KB (  1%) overhead. 
       Both:     16.47 MB capacity,    16.04 MB ( 97%) used,   373.31 KB (  2%) free+waste,    70.81 KB ( <1%) overhead. 

Virtual space:
  Non-class space:       16.00 MB reserved,      14.75 MB ( 92%) committed 
      Class space:        1.00 GB reserved,       2.00 MB ( <1%) committed 
             Both:        1.02 GB reserved,      16.75 MB (  2%) committed 

Chunk freelists:
   Non-Class:  38.00 KB
       Class:  21.00 KB
        Both:  59.00 KB

MaxMetaspaceSize: 17179869184.00 GB
CompressedClassSpaceSize: 1.00 GB
Initial GC threshold: 20.80 MB
Current GC threshold: 20.80 MB
CDS: off

CodeHeap 'non-profiled nmethods': size=120064Kb used=498Kb max_used=498Kb free=119565Kb
 bounds [0x00000175ab7d0000, 0x00000175aba40000, 0x00000175b2d10000]
CodeHeap 'profiled nmethods': size=120000Kb used=2224Kb max_used=2224Kb free=117775Kb
 bounds [0x00000175a42a0000, 0x00000175a4510000, 0x00000175ab7d0000]
CodeHeap 'non-nmethods': size=5696Kb used=1287Kb max_used=1315Kb free=4408Kb
 bounds [0x00000175a3d10000, 0x00000175a3f80000, 0x00000175a42a0000]
 total_blobs=1856 nmethods=1270 adapters=499
 compilation: enabled
              stopped_count=0, restarted_count=0
 full_count=0

Compilation events (20 events):
Event: 6.651 Thread 0x00000175ba727800 1267       3       sun.util.locale.StringTokenIterator::<init> (41 bytes)
Event: 6.652 Thread 0x00000175ba727800 nmethod 1267 0x00000175a44c5b10 code [0x00000175a44c5d60, 0x00000175a44c6528]
Event: 6.652 Thread 0x00000175ba727800 1268       3       sun.util.locale.StringTokenIterator::setStart (62 bytes)
Event: 6.652 Thread 0x00000175ba727800 nmethod 1268 0x00000175a44c6810 code [0x00000175a44c6a00, 0x00000175a44c6da8]
Event: 6.652 Thread 0x00000175ba727800 1269       3       sun.util.locale.LanguageTag::parseLanguage (55 bytes)
Event: 6.653 Thread 0x00000175ba727800 nmethod 1269 0x00000175a44c6f90 code [0x00000175a44c71a0, 0x00000175a44c77d8]
Event: 6.653 Thread 0x00000175ba727800 1270       3       sun.util.locale.LanguageTag::parseExtlangs (114 bytes)
Event: 6.654 Thread 0x00000175ba727800 nmethod 1270 0x00000175a44c7a10 code [0x00000175a44c7c80, 0x00000175a44c86f8]
Event: 6.654 Thread 0x00000175ba727800 1271       3       sun.util.locale.LanguageTag::parseScript (55 bytes)
Event: 6.655 Thread 0x00000175ba727800 nmethod 1271 0x00000175a44c8a10 code [0x00000175a44c8c20, 0x00000175a44c91f8]
Event: 6.655 Thread 0x00000175ba727800 1272       3       sun.util.locale.LanguageTag::parseRegion (55 bytes)
Event: 6.656 Thread 0x00000175ba727800 nmethod 1272 0x00000175a44c9410 code [0x00000175a44c9600, 0x00000175a44c99d8]
Event: 6.656 Thread 0x00000175ba727800 1259       3       sun.util.locale.LanguageTag::getExtensions (24 bytes)
Event: 6.658 Thread 0x00000175ba727800 nmethod 1259 0x00000175a44c9b10 code [0x00000175a44c9d80, 0x00000175a44ca8a8]
Event: 6.658 Thread 0x00000175ba727800 1260       3       sun.util.locale.InternalLocaleBuilder::<init> (29 bytes)
Event: 6.659 Thread 0x00000175ba727800 nmethod 1260 0x00000175a44cab90 code [0x00000175a44cad60, 0x00000175a44cb078]
Event: 6.659 Thread 0x00000175ba727800 1261       3       sun.util.locale.InternalLocaleBuilder::getLocaleExtensions (65 bytes)
Event: 6.661 Thread 0x00000175ba727800 nmethod 1261 0x00000175a44cb110 code [0x00000175a44cb360, 0x00000175a44cbb68]
Event: 6.661 Thread 0x00000175ba727800 1262       3       sun.util.locale.LocaleUtils::isEmpty (19 bytes)
Event: 6.662 Thread 0x00000175ba727800 nmethod 1262 0x00000175a44cbd90 code [0x00000175a44cbf60, 0x00000175a44cc188]

GC Heap History (2 events):
Event: 0.978 GC heap before
{Heap before GC invocations=0 (full 0):
 garbage-first heap   total 131072K, used 18432K [0x0000000081e00000, 0x0000000100000000)
  region size 1024K, 14 young (14336K), 0 survivors (0K)
 Metaspace       used 15125K, capacity 15559K, committed 15744K, reserved 1062912K
  class space    used 1608K, capacity 1795K, committed 1920K, reserved 1048576K
}
Event: 0.992 GC heap after
{Heap after GC invocations=1 (full 0):
 garbage-first heap   total 131072K, used 6527K [0x0000000081e00000, 0x0000000100000000)
  region size 1024K, 2 young (2048K), 2 survivors (2048K)
 Metaspace       used 15125K, capacity 15559K, committed 15744K, reserved 1062912K
  class space    used 1608K, capacity 1795K, committed 1920K, reserved 1048576K
}

Deoptimization events (20 events):
Event: 0.785 Thread 0x00000175bac43000 DEOPT PACKING pc=0x00000175ab7dd404 sp=0x000000684f7fe470
Event: 0.785 Thread 0x00000175bac43000 DEOPT UNPACKING pc=0x00000175a3d5a1af sp=0x000000684f7fe410 mode 2
Event: 1.007 Thread 0x00000175bafd8000 Uncommon trap: trap_request=0xffffff4d fr.pc=0x00000175ab82a25c relative=0x000000000000145c
Event: 1.007 Thread 0x00000175bafd8000 Uncommon trap: reason=unstable_if action=reinterpret pc=0x00000175ab82a25c method=java.lang.ref.ReferenceQueue.poll()Ljava/lang/ref/Reference; @ 4 c2
Event: 1.007 Thread 0x00000175bafd8000 DEOPT PACKING pc=0x00000175ab82a25c sp=0x000000684f9fdaa0
Event: 1.007 Thread 0x00000175bafd8000 DEOPT UNPACKING pc=0x00000175a3d5a1af sp=0x000000684f9fd950 mode 2
Event: 1.007 Thread 0x00000175bafd8000 Uncommon trap: trap_request=0xffffff4d fr.pc=0x00000175ab8183f8 relative=0x0000000000000058
Event: 1.007 Thread 0x00000175bafd8000 Uncommon trap: reason=unstable_if action=reinterpret pc=0x00000175ab8183f8 method=java.lang.ref.ReferenceQueue.poll()Ljava/lang/ref/Reference; @ 4 c2
Event: 1.007 Thread 0x00000175bafd8000 DEOPT PACKING pc=0x00000175ab8183f8 sp=0x000000684f9fd9b0
Event: 1.007 Thread 0x00000175bafd8000 DEOPT UNPACKING pc=0x00000175a3d5a1af sp=0x000000684f9fd940 mode 2
Event: 1.041 Thread 0x00000175bafd8000 DEOPT PACKING pc=0x00000175a4397264 sp=0x000000684f9fee80
Event: 1.041 Thread 0x00000175bafd8000 DEOPT UNPACKING pc=0x00000175a3d5a95e sp=0x000000684f9fe320 mode 0
Event: 1.041 Thread 0x00000175bafd8000 Uncommon trap: trap_request=0xffffff4d fr.pc=0x00000175ab813c20 relative=0x0000000000000340
Event: 1.041 Thread 0x00000175bafd8000 Uncommon trap: reason=unstable_if action=reinterpret pc=0x00000175ab813c20 method=sun.awt.image.PNGImageDecoder.produceImage()V @ 94 c2
Event: 1.041 Thread 0x00000175bafd8000 DEOPT PACKING pc=0x00000175ab813c20 sp=0x000000684f9ff020
Event: 1.041 Thread 0x00000175bafd8000 DEOPT UNPACKING pc=0x00000175a3d5a1af sp=0x000000684f9feef8 mode 2
Event: 6.563 Thread 0x00000175baf4e800 Uncommon trap: trap_request=0xffffff4d fr.pc=0x00000175ab848338 relative=0x0000000000000098
Event: 6.563 Thread 0x00000175baf4e800 Uncommon trap: reason=unstable_if action=reinterpret pc=0x00000175ab848338 method=java.awt.Component.inside(II)Z @ 1 c2
Event: 6.563 Thread 0x00000175baf4e800 DEOPT PACKING pc=0x00000175ab848338 sp=0x000000684fafa760
Event: 6.563 Thread 0x00000175baf4e800 DEOPT UNPACKING pc=0x00000175a3d5a1af sp=0x000000684fafa600 mode 2

Classes redefined (0 events):
No events

Internal exceptions (20 events):
Event: 0.367 Thread 0x000001759b58f000 Exception <a 'java/lang/NoSuchMethodError'{0x0000000089a298b0}: 'java.lang.Object java.lang.invoke.DirectMethodHandle$Holder.invokeSpecial(java.lang.Object, java.lang.Object, int, int, java.lang.Object, java.lang.Object, java.lang.Object)'> (0x0000000089a298b0) thrown at [./src/hotspot/share/interpreter/linkResolver.cpp, line 773]
Event: 0.367 Thread 0x000001759b58f000 Exception <a 'java/lang/NoSuchMethodError'{0x0000000089a2ce40}: 'java.lang.Object java.lang.invoke.DelegatingMethodHandle$Holder.reinvoke_L(java.lang.Object, int, int, java.lang.Object, java.lang.Object, java.lang.Object)'> (0x0000000089a2ce40) thrown at [./src/hotspot/share/interpreter/linkResolver.cpp, line 773]
Event: 0.368 Thread 0x000001759b58f000 Exception <a 'java/lang/NoSuchMethodError'{0x0000000089a30f20}: 'java.lang.Object java.lang.invoke.DirectMethodHandle$Holder.invokeStatic(java.lang.Object, java.lang.Object, java.lang.Object, java.lang.Object, int)'> (0x0000000089a30f20) thrown at [./src/hotspot/share/interpreter/linkResolver.cpp, line 773]
Event: 0.383 Thread 0x000001759b58f000 Exception <a 'java/io/FileNotFoundException'{0x0000000089a93d30}> (0x0000000089a93d30) thrown at [./src/hotspot/share/prims/jni.cpp, line 617]
Event: 0.450 Thread 0x00000175bac43000 Exception <a 'java/lang/NoSuchMethodError'{0x000000008994d410}: 'void java.lang.invoke.DirectMethodHandle$Holder.invokeSpecial(java.lang.Object, java.lang.Object)'> (0x000000008994d410) thrown at [./src/hotspot/share/interpreter/linkResolver.cpp, line 773]
Event: 0.455 Thread 0x000001759b58f000 Exception <a 'java/lang/NoSuchMethodError'{0x000000008993adc8}: 'java.lang.Object java.lang.invoke.DirectMethodHandle$Holder.invokeStatic(java.lang.Object, java.lang.Object, java.lang.Object, java.lang.Object, java.lang.Object, java.lang.Object, java.lang.Object, java.lang.Object, int)'> (0x000000008993adc8) thrown at [./src/hotspot/share/interpreter/linkResolver.cpp, line 773]
Event: 0.458 Thread 0x000001759b58f000 Exception <a 'java/lang/NoSuchMethodError'{0x000000008999ca78}: 'java.lang.Object java.lang.invoke.DirectMethodHandle$Holder.invokeStatic(java.lang.Object, java.lang.Object, java.lang.Object, java.lang.Object, java.lang.Object, java.lang.Object, java.lang.Object, java.lang.Object, int, int)'> (0x000000008999ca78) thrown at [./src/hotspot/share/interpreter/linkResolver.cpp, line 773]
Event: 0.515 Thread 0x000001759b58f000 Exception <a 'java/lang/NoSuchMethodError'{0x00000000898b3738}: 'java.lang.Object java.lang.invoke.DirectMethodHandle$Holder.invokeStatic(java.lang.Object, int, java.lang.Object, java.lang.Object, java.lang.Object, java.lang.Object)'> (0x00000000898b3738) thrown at [./src/hotspot/share/interpreter/linkResolver.cpp, line 773]
Event: 0.516 Thread 0x000001759b58f000 Exception <a 'java/lang/NoSuchMethodError'{0x00000000898ba7f8}: 'java.lang.Object java.lang.invoke.DirectMethodHandle$Holder.invokeStatic(java.lang.Object, int, java.lang.Object, java.lang.Object, java.lang.Object)'> (0x00000000898ba7f8) thrown at [./src/hotspot/share/interpreter/linkResolver.cpp, line 773]
Event: 0.517 Thread 0x000001759b58f000 Exception <a 'java/lang/NoSuchMethodError'{0x00000000898be340}: 'java.lang.Object java.lang.invoke.DirectMethodHandle$Holder.invokeSpecial(java.lang.Object, java.lang.Object, int, java.lang.Object, java.lang.Object, java.lang.Object)'> (0x00000000898be340) thrown at [./src/hotspot/share/interpreter/linkResolver.cpp, line 773]
Event: 0.520 Thread 0x000001759b58f000 Exception <a 'java/lang/NoSuchMethodError'{0x00000000898d5c20}: 'java.lang.Object java.lang.invoke.DirectMethodHandle$Holder.invokeStatic(java.lang.Object, int, java.lang.Object)'> (0x00000000898d5c20) thrown at [./src/hotspot/share/interpreter/linkResolver.cpp, line 773]
Event: 0.552 Thread 0x000001759b58f000 Exception <a 'java/lang/ClassNotFoundException'{0x0000000089780810}: com/sun/swing/internal/plaf/metal/resources/spi/metalProvider> (0x0000000089780810) thrown at [./src/hotspot/share/classfile/systemDictionary.cpp, line 230]
Event: 0.553 Thread 0x000001759b58f000 Exception <a 'java/lang/ClassNotFoundException'{0x00000000897855c0}: com/sun/swing/internal/plaf/basic/resources/spi/basicProvider> (0x00000000897855c0) thrown at [./src/hotspot/share/classfile/systemDictionary.cpp, line 230]
Event: 0.791 Thread 0x00000175bac43000 Exception <a 'java/lang/NoSuchMethodError'{0x000000008995a680}: 'void java.lang.invoke.DirectMethodHandle$Holder.invokeVirtual(java.lang.Object, java.lang.Object)'> (0x000000008995a680) thrown at [./src/hotspot/share/interpreter/linkResolver.cpp, line 773]
Event: 0.809 Thread 0x000001759b58f000 Exception <a 'java/lang/NoSuchMethodError'{0x00000000892a1748}: 'void java.lang.invoke.DirectMethodHandle$Holder.invokeStaticInit(java.lang.Object)'> (0x00000000892a1748) thrown at [./src/hotspot/share/interpreter/linkResolver.cpp, line 773]
Event: 0.856 Thread 0x000001759b58f000 Exception <a 'java/lang/NoSuchMethodError'{0x00000000891a77c0}: 'java.lang.Object java.lang.invoke.DirectMethodHandle$Holder.invokeStatic(java.lang.Object, java.lang.Object, java.lang.Object, java.lang.Object, java.lang.Object, java.lang.Object, java.lang.Object, java.lang.Object, java.lang.Object, java.lang.Object, java.lang.Object, int)'> (0x00000000891a77c0) thrown at [./src/hotspot/share/interpreter/linkResolver.cpp, line 773]
Event: 0.858 Thread 0x000001759b58f000 Exception <a 'java/lang/NoSuchMethodError'{0x00000000891c59c8}: 'java.lang.Object java.lang.invoke.DirectMethodHandle$Holder.invokeStatic(java.lang.Object, java.lang.Object, java.lang.Object, java.lang.Object, java.lang.Object, java.lang.Object, java.lang.Object, java.lang.Object, java.lang.Object, java.lang.Object, java.lang.Object, int, int)'> (0x00000000891c59c8) thrown at [./src/hotspot/share/interpreter/linkResolver.cpp, line 773]
Event: 0.861 Thread 0x000001759b58f000 Exception <a 'java/lang/NoSuchMethodError'{0x000000008900da10}: 'java.lang.Object java.lang.invoke.DirectMethodHandle$Holder.invokeStatic(java.lang.Object, java.lang.Object, java.lang.Object, java.lang.Object, java.lang.Object, java.lang.Object, java.lang.Object, java.lang.Object, java.lang.Object, java.lang.Object, java.lang.Object, int, int, java.lang.Object)'> (0x000000008900da10) thrown at [./src/hotspot/share/interpreter/linkResolver.cpp, line 773]
Event: 0.862 Thread 0x000001759b58f000 Exception <a 'java/lang/NoSuchMethodError'{0x00000000890199c0}: 'java.lang.Object java.lang.invoke.Invokers$Holder.linkToTargetMethod(java.lang.Object, int, java.lang.Object)'> (0x00000000890199c0) thrown at [./src/hotspot/share/interpreter/linkResolver.cpp, line 773]
Event: 0.911 Thread 0x000001759b58f000 Exception <a 'java/lang/NoSuchMethodError'{0x0000000089067b68}: 'java.lang.Object java.lang.invoke.DirectMethodHandle$Holder.invokeStatic(java.lang.Object, java.lang.Object, java.lang.Object, java.lang.Object, java.lang.Object, java.lang.Object, java.lang.Object, java.lang.Object, java.lang.Object, java.lang.Object, java.lang.Object, int, int, java.lang.Object, java.lang.Object)'> (0x0000000089067b68) thrown at [./src/hotspot/share/interpreter/linkResolver.cpp, line 773]

Events (20 events):
Event: 6.437 Executing VM operation: Deoptimize done
Event: 6.437 loading class sun/awt/image/JPEGImageDecoder$1
Event: 6.437 loading class sun/awt/image/JPEGImageDecoder$1 done
Event: 6.439 Loaded shared library C:\Users\ADMIN\.jdks\corretto-11.0.18\bin\javajpeg.dll
Event: 6.441 Executing VM operation: RevokeBias
Event: 6.442 Executing VM operation: RevokeBias done
Event: 6.443 Executing VM operation: RevokeBias
Event: 6.444 Executing VM operation: RevokeBias done
Event: 6.543 Executing VM operation: RevokeBias
Event: 6.544 Executing VM operation: RevokeBias done
Event: 6.544 Executing VM operation: RevokeBias
Event: 6.544 Executing VM operation: RevokeBias done
Event: 6.547 Executing VM operation: RevokeBias
Event: 6.547 Executing VM operation: RevokeBias done
Event: 6.547 Executing VM operation: RevokeBias
Event: 6.547 Executing VM operation: RevokeBias done
Event: 6.547 Executing VM operation: RevokeBias
Event: 6.547 Executing VM operation: RevokeBias done
Event: 6.547 Executing VM operation: RevokeBias
Event: 6.547 Executing VM operation: RevokeBias done


Dynamic libraries:
0x00007ff70f1a0000 - 0x00007ff70f1ad000 	C:\Users\ADMIN\.jdks\corretto-11.0.18\bin\java.exe
0x00007ffea2f10000 - 0x00007ffea3108000 	C:\Windows\SYSTEM32\ntdll.dll
0x00007ffea20a0000 - 0x00007ffea215f000 	C:\Windows\System32\KERNEL32.DLL
0x00007ffea0b70000 - 0x00007ffea0e42000 	C:\Windows\System32\KERNELBASE.dll
0x00007ffea0610000 - 0x00007ffea0710000 	C:\Windows\System32\ucrtbase.dll
0x00007ffe96230000 - 0x00007ffe96249000 	C:\Users\ADMIN\.jdks\corretto-11.0.18\bin\VCRUNTIME140.dll
0x00007ffe98680000 - 0x00007ffe98697000 	C:\Users\ADMIN\.jdks\corretto-11.0.18\bin\jli.dll
0x00007ffea1300000 - 0x00007ffea14a1000 	C:\Windows\System32\USER32.dll
0x00007ffea0f30000 - 0x00007ffea0f52000 	C:\Windows\System32\win32u.dll
0x00007ffe8c4c0000 - 0x00007ffe8c75a000 	C:\Windows\WinSxS\amd64_microsoft.windows.common-controls_6595b64144ccf1df_6.0.19041.1110_none_60b5254171f9507e\COMCTL32.dll
0x00007ffea1040000 - 0x00007ffea106b000 	C:\Windows\System32\GDI32.dll
0x00007ffea1570000 - 0x00007ffea160e000 	C:\Windows\System32\msvcrt.dll
0x00007ffea0840000 - 0x00007ffea094f000 	C:\Windows\System32\gdi32full.dll
0x00007ffea0710000 - 0x00007ffea07ad000 	C:\Windows\System32\msvcp_win.dll
0x00007ffea1010000 - 0x00007ffea1040000 	C:\Windows\System32\IMM32.DLL
0x00007ffe6fb70000 - 0x00007ffe6fc0b000 	C:\Users\ADMIN\.jdks\corretto-11.0.18\bin\msvcp140.dll
0x00007ffe50510000 - 0x00007ffe5109a000 	C:\Users\ADMIN\.jdks\corretto-11.0.18\bin\server\jvm.dll
0x00007ffea0f60000 - 0x00007ffea100e000 	C:\Windows\System32\ADVAPI32.dll
0x00007ffea11f0000 - 0x00007ffea128c000 	C:\Windows\System32\sechost.dll
0x00007ffea1970000 - 0x00007ffea1a94000 	C:\Windows\System32\RPCRT4.dll
0x00007ffea2ec0000 - 0x00007ffea2ec8000 	C:\Windows\System32\PSAPI.DLL
0x00007ffe8cf70000 - 0x00007ffe8cf79000 	C:\Windows\SYSTEM32\WSOCK32.dll
0x00007ffea1290000 - 0x00007ffea12fb000 	C:\Windows\System32\WS2_32.dll
0x00007ffe85100000 - 0x00007ffe85127000 	C:\Windows\SYSTEM32\WINMM.dll
0x00007ffe97520000 - 0x00007ffe9752a000 	C:\Windows\SYSTEM32\VERSION.dll
0x00007ffe9eeb0000 - 0x00007ffe9eec2000 	C:\Windows\SYSTEM32\kernel.appcore.dll
0x00007ffe989a0000 - 0x00007ffe989b0000 	C:\Users\ADMIN\.jdks\corretto-11.0.18\bin\verify.dll
0x00007ffe9b380000 - 0x00007ffe9b564000 	C:\Windows\SYSTEM32\DBGHELP.DLL
0x00007ffe8db60000 - 0x00007ffe8db95000 	C:\Windows\SYSTEM32\dbgcore.DLL
0x00007ffea07b0000 - 0x00007ffea0832000 	C:\Windows\System32\bcryptPrimitives.dll
0x00007ffe95db0000 - 0x00007ffe95dd8000 	C:\Users\ADMIN\.jdks\corretto-11.0.18\bin\java.dll
0x00007ffe98670000 - 0x00007ffe9867a000 	C:\Users\ADMIN\.jdks\corretto-11.0.18\bin\jimage.dll
0x00007ffe97570000 - 0x00007ffe9757e000 	C:\Users\ADMIN\.jdks\corretto-11.0.18\bin\instrument.dll
0x00007ffe7dde0000 - 0x00007ffe7ddf8000 	C:\Users\ADMIN\.jdks\corretto-11.0.18\bin\zip.dll
0x00007ffea2770000 - 0x00007ffea2eb5000 	C:\Windows\System32\SHELL32.dll
0x00007ffe9b570000 - 0x00007ffe9bd02000 	C:\Windows\SYSTEM32\windows.storage.dll
0x00007ffea1610000 - 0x00007ffea1965000 	C:\Windows\System32\combase.dll
0x00007ffea0000000 - 0x00007ffea0030000 	C:\Windows\SYSTEM32\Wldp.dll
0x00007ffea1070000 - 0x00007ffea111d000 	C:\Windows\System32\SHCORE.dll
0x00007ffea1510000 - 0x00007ffea1565000 	C:\Windows\System32\shlwapi.dll
0x00007ffea0550000 - 0x00007ffea056f000 	C:\Windows\SYSTEM32\profapi.dll
0x00007ffe77ec0000 - 0x00007ffe77ed9000 	C:\Users\ADMIN\.jdks\corretto-11.0.18\bin\net.dll
0x00007ffe9af90000 - 0x00007ffe9b09a000 	C:\Windows\SYSTEM32\WINHTTP.dll
0x00007ffe9fcf0000 - 0x00007ffe9fd5a000 	C:\Windows\system32\mswsock.dll
0x00007ffe77d90000 - 0x00007ffe77da3000 	C:\Users\ADMIN\.jdks\corretto-11.0.18\bin\nio.dll
0x00007ffe77d70000 - 0x00007ffe77d8a000 	C:\Program Files\JetBrains\IntelliJ IDEA Community Edition 2022.2.3\bin\breakgen64.dll
0x00007ffe62440000 - 0x00007ffe625da000 	C:\Users\ADMIN\.jdks\corretto-11.0.18\bin\awt.dll
0x00007ffea1120000 - 0x00007ffea11ed000 	C:\Windows\System32\OLEAUT32.dll
0x00007ffe9a590000 - 0x00007ffe9a620000 	C:\Windows\SYSTEM32\apphelp.dll
0x00007ffe9ad30000 - 0x00007ffe9ad5f000 	C:\Windows\system32\DWMAPI.DLL
0x00007ffe9a8e0000 - 0x00007ffe9a97e000 	C:\Windows\system32\uxtheme.dll
0x00007ffe72c30000 - 0x00007ffe72d55000 	C:\Windows\system32\opengl32.dll
0x00007ffe93d30000 - 0x00007ffe93d5c000 	C:\Windows\SYSTEM32\GLU32.dll
0x00007ffea1f80000 - 0x00007ffea2094000 	C:\Windows\System32\MSCTF.dll
0x00007ffea1e50000 - 0x00007ffea1f7a000 	C:\Windows\System32\ole32.dll
0x00007ffe6aae0000 - 0x00007ffe6ab63000 	C:\Users\ADMIN\.jdks\corretto-11.0.18\bin\freetype.dll
0x00007ffe68060000 - 0x00007ffe68122000 	C:\Users\ADMIN\.jdks\corretto-11.0.18\bin\fontmanager.dll
0x00007ffea1b30000 - 0x00007ffea1bd9000 	C:\Windows\System32\clbcatq.dll
0x00007ffe93b40000 - 0x00007ffe93cf4000 	C:\Windows\SYSTEM32\WindowsCodecs.dll
0x00007ffea0f00000 - 0x00007ffea0f27000 	C:\Windows\System32\bcrypt.dll
0x00007ffe74070000 - 0x00007ffe740ae000 	C:\Windows\system32\dataexchange.dll
0x00007ffe98a80000 - 0x00007ffe98ce3000 	C:\Windows\system32\d3d11.dll
0x00007ffe99870000 - 0x00007ffe99a53000 	C:\Windows\system32\dcomp.dll
0x00007ffe9eed0000 - 0x00007ffe9efc3000 	C:\Windows\system32\dxgi.dll
0x00007ffe94c80000 - 0x00007ffe94e80000 	C:\Windows\system32\twinapi.appcore.dll
0x00007ffe767f0000 - 0x00007ffe768e9000 	C:\Windows\SYSTEM32\textinputframework.dll
0x00007ffe9a2c0000 - 0x00007ffe9a3b2000 	C:\Windows\System32\CoreMessaging.dll
0x00007ffe99f60000 - 0x00007ffe9a2be000 	C:\Windows\System32\CoreUIComponents.dll
0x00007ffe9f730000 - 0x00007ffe9f763000 	C:\Windows\SYSTEM32\ntmarta.dll
0x00007ffe99710000 - 0x00007ffe99864000 	C:\Windows\SYSTEM32\wintypes.dll
0x00007ffe7aa80000 - 0x00007ffe7aaad000 	C:\Users\ADMIN\.jdks\corretto-11.0.18\bin\javajpeg.dll

dbghelp: loaded successfully - version: 4.0.5 - missing functions: none
symbol engine: initialized successfully - sym options: 0x614 - pdb path: .;C:\Users\ADMIN\.jdks\corretto-11.0.18\bin;C:\Windows\SYSTEM32;C:\Windows\WinSxS\amd64_microsoft.windows.common-controls_6595b64144ccf1df_6.0.19041.1110_none_60b5254171f9507e;C:\Users\ADMIN\.jdks\corretto-11.0.18\bin\server;C:\Program Files\JetBrains\IntelliJ IDEA Community Edition 2022.2.3\bin

VM Arguments:
jvm_args: -javaagent:C:\Program Files\JetBrains\IntelliJ IDEA Community Edition 2022.2.3\lib\idea_rt.jar=63673:C:\Program Files\JetBrains\IntelliJ IDEA Community Edition 2022.2.3\bin -Dfile.encoding=UTF-8 
java_command: Main
java_class_path (initial): D:\G.INF\Github\ptrojet\out\production\Java-Project
Launcher Type: SUN_STANDARD

[Global flags]
     intx CICompilerCount                          = 3                                         {product} {ergonomic}
     uint ConcGCThreads                            = 1                                         {product} {ergonomic}
     uint G1ConcRefinementThreads                  = 4                                         {product} {ergonomic}
   size_t G1HeapRegionSize                         = 1048576                                   {product} {ergonomic}
    uintx GCDrainStackTargetSize                   = 64                                        {product} {ergonomic}
   size_t InitialHeapSize                          = 134217728                                 {product} {ergonomic}
   size_t MarkStackSize                            = 4194304                                   {product} {ergonomic}
   size_t MaxHeapSize                              = 2116026368                                {product} {ergonomic}
   size_t MaxNewSize                               = 1268776960                                {product} {ergonomic}
   size_t MinHeapDeltaBytes                        = 1048576                                   {product} {ergonomic}
    uintx NonNMethodCodeHeapSize                   = 5830732                                {pd product} {ergonomic}
    uintx NonProfiledCodeHeapSize                  = 122913754                              {pd product} {ergonomic}
    uintx ProfiledCodeHeapSize                     = 122913754                              {pd product} {ergonomic}
    uintx ReservedCodeCacheSize                    = 251658240                              {pd product} {ergonomic}
     bool SegmentedCodeCache                       = true                                      {product} {ergonomic}
     bool UseCompressedClassPointers               = true                                 {lp64_product} {ergonomic}
     bool UseCompressedOops                        = true                                 {lp64_product} {ergonomic}
     bool UseG1GC                                  = true                                      {product} {ergonomic}
     bool UseLargePagesIndividualAllocation        = false                                  {pd product} {ergonomic}

Logging:
Log output configuration:
 #0: stdout all=warning uptime,level,tags
 #1: stderr all=off uptime,level,tags

Environment Variables:
PATH=C:\Program Files\Java\jdk1.8.0_351\bin;C:\Program Files (x86)\Common Files\Oracle\Java\javapath;C:\app\ADMIN\product\21c\dbhomeXE\bin;C:\Windows\system32;C:\Windows;C:\Windows\System32\Wbem;C:\Windows\System32\WindowsPowerShell\v1.0\;C:\Windows\System32\OpenSSH\;C:\Program Files (x86)\Intel\Intel(R) Management Engine Components\DAL;C:\Program Files\Intel\Intel(R) Management Engine Components\DAL;C:\MinGW\bin;C:\Program Files\nodejs\;C:\Program Files\MySQL\MySQL Server 8.0\bin;C:\Program Files\dotnet\;C:\Program Files\Git\cmd;C:\Program Files\Java\jdk1.8.0_351\bin;C:\Users\ADMIN\AppData\Local\Microsoft\WindowsApps;C:\Users\ADMIN\AppData\Local\Programs\Microsoft VS Code\bin;C:\Users\ADMIN\AppData\Roaming\npm;C:\Program Files\JetBrains\IntelliJ IDEA Community Edition 2022.2.3\bin;;C:\Users\ADMIN\AppData\Local\GitHubDesktop\bin;
USERNAME=ADMIN
OS=Windows_NT
PROCESSOR_IDENTIFIER=Intel64 Family 6 Model 142 Stepping 9, GenuineIntel
TMP=C:\Users\ADMIN\AppData\Local\Temp
TEMP=C:\Users\ADMIN\AppData\Local\Temp



---------------  S Y S T E M  ---------------

OS: Windows 10 , 64 bit Build 19041 (10.0.19041.2546)
OS uptime: 2 days 6:47 hours

CPU:total 4 (initial active 4) (2 cores per cpu, 2 threads per core) family 6 model 142 stepping 9 microcode 0xec, cmov, cx8, fxsr, mmx, sse, sse2, sse3, ssse3, sse4.1, sse4.2, popcnt, avx, avx2, aes, clmul, erms, 3dnowpref, lzcnt, ht, tsc, tscinvbit, bmi1, bmi2, adx, fma

Memory: 4k page, system-wide physical 8067M (1559M free)
TotalPageFile size 10115M (AvailPageFile size 5M)
current process WorkingSet (physical memory assigned to process): 111M, peak: 112M
current process commit charge ("private bytes"): 237M, peak: 238M

vm_info: OpenJDK 64-Bit Server VM (11.0.18+10-LTS) for windows-amd64 JRE (11.0.18+10-LTS), built on Jan 10 2023 20:17:52 by "Administrator" with MS VC++ 15.9 (VS2017)

END.
