#
# There is insufficient memory for the Java Runtime Environment to continue.
# Native memory allocation (malloc) failed to allocate 32744 bytes for ChunkPool::allocate
# Possible reasons:
#   The system is out of physical RAM or swap space
#   The process is running with CompressedOops enabled, and the Java Heap may be blocking the growth of the native heap
# Possible solutions:
#   Reduce memory load on the system
#   Increase physical memory or swap space
#   Check if swap backing store is full
#   Decrease Java heap size (-Xmx/-Xms)
#   Decrease number of Java threads
#   Decrease Java thread stack sizes (-Xss)
#   Set larger code cache with -XX:ReservedCodeCacheSize=
#   JVM is running with Unscaled Compressed Oops mode in which the Java heap is
#     placed in the first 4GB address space. The Java Heap base address is the
#     maximum limit for the native heap growth. Please use -XX:HeapBaseMinAddress
#     to set the Java Heap base and to place the Java Heap above 4GB virtual address.
# This output file may be truncated or incomplete.
#
#  Out of Memory Error (./src/hotspot/share/memory/arena.cpp:81), pid=7332, tid=8748
#
# JRE version: OpenJDK Runtime Environment Corretto-11.0.18.10.1 (11.0.18+10) (build 11.0.18+10-LTS)
# Java VM: OpenJDK 64-Bit Server VM Corretto-11.0.18.10.1 (11.0.18+10-LTS, mixed mode, tiered, compressed oops, g1 gc, windows-amd64)
# No core dump will be written. Minidumps are not enabled by default on client versions of Windows
#

---------------  S U M M A R Y ------------

Command Line: -javaagent:C:\Program Files\JetBrains\IntelliJ IDEA Community Edition 2022.2.3\lib\idea_rt.jar=63355:C:\Program Files\JetBrains\IntelliJ IDEA Community Edition 2022.2.3\bin -Dfile.encoding=UTF-8 Main

Host: Intel(R) Core(TM) i5-7200U CPU @ 2.50GHz, 4 cores, 7G,  Windows 10 , 64 bit Build 19041 (10.0.19041.2546)
Time: Fri Mar 24 03:27:43 2023 Maroc elapsed time: 0.221633 seconds (0d 0h 0m 0s)

---------------  T H R E A D  ---------------

Current thread (0x000001d13fb07000):  JavaThread "C1 CompilerThread0" daemon [_thread_in_native, id=8748, stack(0x0000005979700000,0x0000005979800000)]


Current CompileTask:
C1:    221   37   !   3       java.util.concurrent.ConcurrentHashMap::putVal (432 bytes)

Stack: [0x0000005979700000,0x0000005979800000]
Native frames: (J=compiled Java code, j=interpreted, Vv=VM code, C=native code)
V  [jvm.dll+0x622d9a]
V  [jvm.dll+0x7b0289]
V  [jvm.dll+0x7b1978]
V  [jvm.dll+0x7b2053]
V  [jvm.dll+0x24fe08]
V  [jvm.dll+0xc28ab]
V  [jvm.dll+0xc2c0c]
V  [jvm.dll+0x112ee6]
V  [jvm.dll+0x17abad]
V  [jvm.dll+0x17a870]
V  [jvm.dll+0x17a09c]
V  [jvm.dll+0x14083b]
V  [jvm.dll+0x12a400]
V  [jvm.dll+0x12a590]
V  [jvm.dll+0x12a84f]
V  [jvm.dll+0x129af4]
V  [jvm.dll+0x12ba07]
V  [jvm.dll+0x217ac4]
V  [jvm.dll+0x215d0b]
V  [jvm.dll+0x772d90]
V  [jvm.dll+0x76bcc4]
V  [jvm.dll+0x621c05]
C  [ucrtbase.dll+0x21bb2]
C  [KERNEL32.DLL+0x17614]
C  [ntdll.dll+0x526a1]


---------------  P R O C E S S  ---------------

Threads class SMR info:
_java_thread_list=0x000001d140563940, length=10, elements={
0x000001d120bba000, 0x000001d13fae4800, 0x000001d13faee000, 0x000001d140492800,
0x000001d13fadf000, 0x000001d13fae0800, 0x000001d13fae2800, 0x000001d13fb07000,
0x000001d13fb08800, 0x000001d13fa69800
}

Java Threads: ( => current thread )
  0x000001d120bba000 JavaThread "main" [_thread_in_vm, id=14156, stack(0x0000005978a00000,0x0000005978b00000)]
  0x000001d13fae4800 JavaThread "Reference Handler" daemon [_thread_blocked, id=7660, stack(0x0000005979100000,0x0000005979200000)]
  0x000001d13faee000 JavaThread "Finalizer" daemon [_thread_blocked, id=10468, stack(0x0000005979200000,0x0000005979300000)]
  0x000001d140492800 JavaThread "Signal Dispatcher" daemon [_thread_blocked, id=7600, stack(0x0000005979300000,0x0000005979400000)]
  0x000001d13fadf000 JavaThread "Attach Listener" daemon [_thread_blocked, id=11280, stack(0x0000005979400000,0x0000005979500000)]
  0x000001d13fae0800 JavaThread "Service Thread" daemon [_thread_blocked, id=9288, stack(0x0000005979500000,0x0000005979600000)]
  0x000001d13fae2800 JavaThread "C2 CompilerThread0" daemon [_thread_blocked, id=16908, stack(0x0000005979600000,0x0000005979700000)]
=>0x000001d13fb07000 JavaThread "C1 CompilerThread0" daemon [_thread_in_native, id=8748, stack(0x0000005979700000,0x0000005979800000)]
  0x000001d13fb08800 JavaThread "Sweeper thread" daemon [_thread_blocked, id=12792, stack(0x0000005979800000,0x0000005979900000)]
  0x000001d13fa69800 JavaThread "Common-Cleaner" daemon [_thread_blocked, id=13224, stack(0x0000005979900000,0x0000005979a00000)]

Other Threads:
  0x000001d13fab0800 VMThread "VM Thread" [stack: 0x0000005979000000,0x0000005979100000] [id=8828]
  0x000001d120bd2800 GCTaskThread "GC Thread#0" [stack: 0x0000005978b00000,0x0000005978c00000] [id=6460]
  0x000001d120c01800 ConcurrentGCThread "G1 Main Marker" [stack: 0x0000005978c00000,0x0000005978d00000] [id=3816]
  0x000001d120c05800 ConcurrentGCThread "G1 Conc#0" [stack: 0x0000005978d00000,0x0000005978e00000] [id=5460]
  0x000001d120c99800 ConcurrentGCThread "G1 Refine#0" [stack: 0x0000005978e00000,0x0000005978f00000] [id=5192]
  0x000001d120c9b000 ConcurrentGCThread "G1 Young RemSet Sampling" [stack: 0x0000005978f00000,0x0000005979000000] [id=6436]

Threads with active compile tasks:
C1 CompilerThread0      292   37   !   3       java.util.concurrent.ConcurrentHashMap::putVal (432 bytes)

VM state:not at safepoint (normal execution)

VM Mutex/Monitor currently owned by a thread: None

Heap address: 0x0000000081e00000, size: 2018 MB, Compressed Oops mode: 32-bit
Narrow klass base: 0x0000000000000000, Narrow klass shift: 3
Compressed class space size: 1073741824 Address: 0x0000000100000000

Heap:
 garbage-first heap   total 131072K, used 1024K [0x0000000081e00000, 0x0000000100000000)
  region size 1024K, 2 young (2048K), 0 survivors (0K)
 Metaspace       used 5166K, capacity 5231K, committed 5376K, reserved 1056768K
  class space    used 435K, capacity 470K, committed 512K, reserved 1048576K
Heap Regions: E=young(eden), S=young(survivor), O=old, HS=humongous(starts), HC=humongous(continues), CS=collection set, F=free, A=archive, TAMS=top-at-mark-start (previous, next)
|   0|0x0000000081e00000, 0x0000000081e00000, 0x0000000081f00000|  0%| F|  |TAMS 0x0000000081e00000, 0x0000000081e00000| Untracked 
|   1|0x0000000081f00000, 0x0000000081f00000, 0x0000000082000000|  0%| F|  |TAMS 0x0000000081f00000, 0x0000000081f00000| Untracked 
|   2|0x0000000082000000, 0x0000000082000000, 0x0000000082100000|  0%| F|  |TAMS 0x0000000082000000, 0x0000000082000000| Untracked 
|   3|0x0000000082100000, 0x0000000082100000, 0x0000000082200000|  0%| F|  |TAMS 0x0000000082100000, 0x0000000082100000| Untracked 
|   4|0x0000000082200000, 0x0000000082200000, 0x0000000082300000|  0%| F|  |TAMS 0x0000000082200000, 0x0000000082200000| Untracked 
|   5|0x0000000082300000, 0x0000000082300000, 0x0000000082400000|  0%| F|  |TAMS 0x0000000082300000, 0x0000000082300000| Untracked 
|   6|0x0000000082400000, 0x0000000082400000, 0x0000000082500000|  0%| F|  |TAMS 0x0000000082400000, 0x0000000082400000| Untracked 
|   7|0x0000000082500000, 0x0000000082500000, 0x0000000082600000|  0%| F|  |TAMS 0x0000000082500000, 0x0000000082500000| Untracked 
|   8|0x0000000082600000, 0x0000000082600000, 0x0000000082700000|  0%| F|  |TAMS 0x0000000082600000, 0x0000000082600000| Untracked 
|   9|0x0000000082700000, 0x0000000082700000, 0x0000000082800000|  0%| F|  |TAMS 0x0000000082700000, 0x0000000082700000| Untracked 
|  10|0x0000000082800000, 0x0000000082800000, 0x0000000082900000|  0%| F|  |TAMS 0x0000000082800000, 0x0000000082800000| Untracked 
|  11|0x0000000082900000, 0x0000000082900000, 0x0000000082a00000|  0%| F|  |TAMS 0x0000000082900000, 0x0000000082900000| Untracked 
|  12|0x0000000082a00000, 0x0000000082a00000, 0x0000000082b00000|  0%| F|  |TAMS 0x0000000082a00000, 0x0000000082a00000| Untracked 
|  13|0x0000000082b00000, 0x0000000082b00000, 0x0000000082c00000|  0%| F|  |TAMS 0x0000000082b00000, 0x0000000082b00000| Untracked 
|  14|0x0000000082c00000, 0x0000000082c00000, 0x0000000082d00000|  0%| F|  |TAMS 0x0000000082c00000, 0x0000000082c00000| Untracked 
|  15|0x0000000082d00000, 0x0000000082d00000, 0x0000000082e00000|  0%| F|  |TAMS 0x0000000082d00000, 0x0000000082d00000| Untracked 
|  16|0x0000000082e00000, 0x0000000082e00000, 0x0000000082f00000|  0%| F|  |TAMS 0x0000000082e00000, 0x0000000082e00000| Untracked 
|  17|0x0000000082f00000, 0x0000000082f00000, 0x0000000083000000|  0%| F|  |TAMS 0x0000000082f00000, 0x0000000082f00000| Untracked 
|  18|0x0000000083000000, 0x0000000083000000, 0x0000000083100000|  0%| F|  |TAMS 0x0000000083000000, 0x0000000083000000| Untracked 
|  19|0x0000000083100000, 0x0000000083100000, 0x0000000083200000|  0%| F|  |TAMS 0x0000000083100000, 0x0000000083100000| Untracked 
|  20|0x0000000083200000, 0x0000000083200000, 0x0000000083300000|  0%| F|  |TAMS 0x0000000083200000, 0x0000000083200000| Untracked 
|  21|0x0000000083300000, 0x0000000083300000, 0x0000000083400000|  0%| F|  |TAMS 0x0000000083300000, 0x0000000083300000| Untracked 
|  22|0x0000000083400000, 0x0000000083400000, 0x0000000083500000|  0%| F|  |TAMS 0x0000000083400000, 0x0000000083400000| Untracked 
|  23|0x0000000083500000, 0x0000000083500000, 0x0000000083600000|  0%| F|  |TAMS 0x0000000083500000, 0x0000000083500000| Untracked 
|  24|0x0000000083600000, 0x0000000083600000, 0x0000000083700000|  0%| F|  |TAMS 0x0000000083600000, 0x0000000083600000| Untracked 
|  25|0x0000000083700000, 0x0000000083700000, 0x0000000083800000|  0%| F|  |TAMS 0x0000000083700000, 0x0000000083700000| Untracked 
|  26|0x0000000083800000, 0x0000000083800000, 0x0000000083900000|  0%| F|  |TAMS 0x0000000083800000, 0x0000000083800000| Untracked 
|  27|0x0000000083900000, 0x0000000083900000, 0x0000000083a00000|  0%| F|  |TAMS 0x0000000083900000, 0x0000000083900000| Untracked 
|  28|0x0000000083a00000, 0x0000000083a00000, 0x0000000083b00000|  0%| F|  |TAMS 0x0000000083a00000, 0x0000000083a00000| Untracked 
|  29|0x0000000083b00000, 0x0000000083b00000, 0x0000000083c00000|  0%| F|  |TAMS 0x0000000083b00000, 0x0000000083b00000| Untracked 
|  30|0x0000000083c00000, 0x0000000083c00000, 0x0000000083d00000|  0%| F|  |TAMS 0x0000000083c00000, 0x0000000083c00000| Untracked 
|  31|0x0000000083d00000, 0x0000000083d00000, 0x0000000083e00000|  0%| F|  |TAMS 0x0000000083d00000, 0x0000000083d00000| Untracked 
|  32|0x0000000083e00000, 0x0000000083e00000, 0x0000000083f00000|  0%| F|  |TAMS 0x0000000083e00000, 0x0000000083e00000| Untracked 
|  33|0x0000000083f00000, 0x0000000083f00000, 0x0000000084000000|  0%| F|  |TAMS 0x0000000083f00000, 0x0000000083f00000| Untracked 
|  34|0x0000000084000000, 0x0000000084000000, 0x0000000084100000|  0%| F|  |TAMS 0x0000000084000000, 0x0000000084000000| Untracked 
|  35|0x0000000084100000, 0x0000000084100000, 0x0000000084200000|  0%| F|  |TAMS 0x0000000084100000, 0x0000000084100000| Untracked 
|  36|0x0000000084200000, 0x0000000084200000, 0x0000000084300000|  0%| F|  |TAMS 0x0000000084200000, 0x0000000084200000| Untracked 
|  37|0x0000000084300000, 0x0000000084300000, 0x0000000084400000|  0%| F|  |TAMS 0x0000000084300000, 0x0000000084300000| Untracked 
|  38|0x0000000084400000, 0x0000000084400000, 0x0000000084500000|  0%| F|  |TAMS 0x0000000084400000, 0x0000000084400000| Untracked 
|  39|0x0000000084500000, 0x0000000084500000, 0x0000000084600000|  0%| F|  |TAMS 0x0000000084500000, 0x0000000084500000| Untracked 
|  40|0x0000000084600000, 0x0000000084600000, 0x0000000084700000|  0%| F|  |TAMS 0x0000000084600000, 0x0000000084600000| Untracked 
|  41|0x0000000084700000, 0x0000000084700000, 0x0000000084800000|  0%| F|  |TAMS 0x0000000084700000, 0x0000000084700000| Untracked 
|  42|0x0000000084800000, 0x0000000084800000, 0x0000000084900000|  0%| F|  |TAMS 0x0000000084800000, 0x0000000084800000| Untracked 
|  43|0x0000000084900000, 0x0000000084900000, 0x0000000084a00000|  0%| F|  |TAMS 0x0000000084900000, 0x0000000084900000| Untracked 
|  44|0x0000000084a00000, 0x0000000084a00000, 0x0000000084b00000|  0%| F|  |TAMS 0x0000000084a00000, 0x0000000084a00000| Untracked 
|  45|0x0000000084b00000, 0x0000000084b00000, 0x0000000084c00000|  0%| F|  |TAMS 0x0000000084b00000, 0x0000000084b00000| Untracked 
|  46|0x0000000084c00000, 0x0000000084c00000, 0x0000000084d00000|  0%| F|  |TAMS 0x0000000084c00000, 0x0000000084c00000| Untracked 
|  47|0x0000000084d00000, 0x0000000084d00000, 0x0000000084e00000|  0%| F|  |TAMS 0x0000000084d00000, 0x0000000084d00000| Untracked 
|  48|0x0000000084e00000, 0x0000000084e00000, 0x0000000084f00000|  0%| F|  |TAMS 0x0000000084e00000, 0x0000000084e00000| Untracked 
|  49|0x0000000084f00000, 0x0000000084f00000, 0x0000000085000000|  0%| F|  |TAMS 0x0000000084f00000, 0x0000000084f00000| Untracked 
|  50|0x0000000085000000, 0x0000000085000000, 0x0000000085100000|  0%| F|  |TAMS 0x0000000085000000, 0x0000000085000000| Untracked 
|  51|0x0000000085100000, 0x0000000085100000, 0x0000000085200000|  0%| F|  |TAMS 0x0000000085100000, 0x0000000085100000| Untracked 
|  52|0x0000000085200000, 0x0000000085200000, 0x0000000085300000|  0%| F|  |TAMS 0x0000000085200000, 0x0000000085200000| Untracked 
|  53|0x0000000085300000, 0x0000000085300000, 0x0000000085400000|  0%| F|  |TAMS 0x0000000085300000, 0x0000000085300000| Untracked 
|  54|0x0000000085400000, 0x0000000085400000, 0x0000000085500000|  0%| F|  |TAMS 0x0000000085400000, 0x0000000085400000| Untracked 
|  55|0x0000000085500000, 0x0000000085500000, 0x0000000085600000|  0%| F|  |TAMS 0x0000000085500000, 0x0000000085500000| Untracked 
|  56|0x0000000085600000, 0x0000000085600000, 0x0000000085700000|  0%| F|  |TAMS 0x0000000085600000, 0x0000000085600000| Untracked 
|  57|0x0000000085700000, 0x0000000085700000, 0x0000000085800000|  0%| F|  |TAMS 0x0000000085700000, 0x0000000085700000| Untracked 
|  58|0x0000000085800000, 0x0000000085800000, 0x0000000085900000|  0%| F|  |TAMS 0x0000000085800000, 0x0000000085800000| Untracked 
|  59|0x0000000085900000, 0x0000000085900000, 0x0000000085a00000|  0%| F|  |TAMS 0x0000000085900000, 0x0000000085900000| Untracked 
|  60|0x0000000085a00000, 0x0000000085a00000, 0x0000000085b00000|  0%| F|  |TAMS 0x0000000085a00000, 0x0000000085a00000| Untracked 
|  61|0x0000000085b00000, 0x0000000085b00000, 0x0000000085c00000|  0%| F|  |TAMS 0x0000000085b00000, 0x0000000085b00000| Untracked 
|  62|0x0000000085c00000, 0x0000000085c00000, 0x0000000085d00000|  0%| F|  |TAMS 0x0000000085c00000, 0x0000000085c00000| Untracked 
|  63|0x0000000085d00000, 0x0000000085d00000, 0x0000000085e00000|  0%| F|  |TAMS 0x0000000085d00000, 0x0000000085d00000| Untracked 
|  64|0x0000000085e00000, 0x0000000085e00000, 0x0000000085f00000|  0%| F|  |TAMS 0x0000000085e00000, 0x0000000085e00000| Untracked 
|  65|0x0000000085f00000, 0x0000000085f00000, 0x0000000086000000|  0%| F|  |TAMS 0x0000000085f00000, 0x0000000085f00000| Untracked 
|  66|0x0000000086000000, 0x0000000086000000, 0x0000000086100000|  0%| F|  |TAMS 0x0000000086000000, 0x0000000086000000| Untracked 
|  67|0x0000000086100000, 0x0000000086100000, 0x0000000086200000|  0%| F|  |TAMS 0x0000000086100000, 0x0000000086100000| Untracked 
|  68|0x0000000086200000, 0x0000000086200000, 0x0000000086300000|  0%| F|  |TAMS 0x0000000086200000, 0x0000000086200000| Untracked 
|  69|0x0000000086300000, 0x0000000086300000, 0x0000000086400000|  0%| F|  |TAMS 0x0000000086300000, 0x0000000086300000| Untracked 
|  70|0x0000000086400000, 0x0000000086400000, 0x0000000086500000|  0%| F|  |TAMS 0x0000000086400000, 0x0000000086400000| Untracked 
|  71|0x0000000086500000, 0x0000000086500000, 0x0000000086600000|  0%| F|  |TAMS 0x0000000086500000, 0x0000000086500000| Untracked 
|  72|0x0000000086600000, 0x0000000086600000, 0x0000000086700000|  0%| F|  |TAMS 0x0000000086600000, 0x0000000086600000| Untracked 
|  73|0x0000000086700000, 0x0000000086700000, 0x0000000086800000|  0%| F|  |TAMS 0x0000000086700000, 0x0000000086700000| Untracked 
|  74|0x0000000086800000, 0x0000000086800000, 0x0000000086900000|  0%| F|  |TAMS 0x0000000086800000, 0x0000000086800000| Untracked 
|  75|0x0000000086900000, 0x0000000086900000, 0x0000000086a00000|  0%| F|  |TAMS 0x0000000086900000, 0x0000000086900000| Untracked 
|  76|0x0000000086a00000, 0x0000000086a00000, 0x0000000086b00000|  0%| F|  |TAMS 0x0000000086a00000, 0x0000000086a00000| Untracked 
|  77|0x0000000086b00000, 0x0000000086b00000, 0x0000000086c00000|  0%| F|  |TAMS 0x0000000086b00000, 0x0000000086b00000| Untracked 
|  78|0x0000000086c00000, 0x0000000086c00000, 0x0000000086d00000|  0%| F|  |TAMS 0x0000000086c00000, 0x0000000086c00000| Untracked 
|  79|0x0000000086d00000, 0x0000000086d00000, 0x0000000086e00000|  0%| F|  |TAMS 0x0000000086d00000, 0x0000000086d00000| Untracked 
|  80|0x0000000086e00000, 0x0000000086e00000, 0x0000000086f00000|  0%| F|  |TAMS 0x0000000086e00000, 0x0000000086e00000| Untracked 
|  81|0x0000000086f00000, 0x0000000086f00000, 0x0000000087000000|  0%| F|  |TAMS 0x0000000086f00000, 0x0000000086f00000| Untracked 
|  82|0x0000000087000000, 0x0000000087000000, 0x0000000087100000|  0%| F|  |TAMS 0x0000000087000000, 0x0000000087000000| Untracked 
|  83|0x0000000087100000, 0x0000000087100000, 0x0000000087200000|  0%| F|  |TAMS 0x0000000087100000, 0x0000000087100000| Untracked 
|  84|0x0000000087200000, 0x0000000087200000, 0x0000000087300000|  0%| F|  |TAMS 0x0000000087200000, 0x0000000087200000| Untracked 
|  85|0x0000000087300000, 0x0000000087300000, 0x0000000087400000|  0%| F|  |TAMS 0x0000000087300000, 0x0000000087300000| Untracked 
|  86|0x0000000087400000, 0x0000000087400000, 0x0000000087500000|  0%| F|  |TAMS 0x0000000087400000, 0x0000000087400000| Untracked 
|  87|0x0000000087500000, 0x0000000087500000, 0x0000000087600000|  0%| F|  |TAMS 0x0000000087500000, 0x0000000087500000| Untracked 
|  88|0x0000000087600000, 0x0000000087600000, 0x0000000087700000|  0%| F|  |TAMS 0x0000000087600000, 0x0000000087600000| Untracked 
|  89|0x0000000087700000, 0x0000000087700000, 0x0000000087800000|  0%| F|  |TAMS 0x0000000087700000, 0x0000000087700000| Untracked 
|  90|0x0000000087800000, 0x0000000087800000, 0x0000000087900000|  0%| F|  |TAMS 0x0000000087800000, 0x0000000087800000| Untracked 
|  91|0x0000000087900000, 0x0000000087900000, 0x0000000087a00000|  0%| F|  |TAMS 0x0000000087900000, 0x0000000087900000| Untracked 
|  92|0x0000000087a00000, 0x0000000087a00000, 0x0000000087b00000|  0%| F|  |TAMS 0x0000000087a00000, 0x0000000087a00000| Untracked 
|  93|0x0000000087b00000, 0x0000000087b00000, 0x0000000087c00000|  0%| F|  |TAMS 0x0000000087b00000, 0x0000000087b00000| Untracked 
|  94|0x0000000087c00000, 0x0000000087c00000, 0x0000000087d00000|  0%| F|  |TAMS 0x0000000087c00000, 0x0000000087c00000| Untracked 
|  95|0x0000000087d00000, 0x0000000087d00000, 0x0000000087e00000|  0%| F|  |TAMS 0x0000000087d00000, 0x0000000087d00000| Untracked 
|  96|0x0000000087e00000, 0x0000000087e00000, 0x0000000087f00000|  0%| F|  |TAMS 0x0000000087e00000, 0x0000000087e00000| Untracked 
|  97|0x0000000087f00000, 0x0000000087f00000, 0x0000000088000000|  0%| F|  |TAMS 0x0000000087f00000, 0x0000000087f00000| Untracked 
|  98|0x0000000088000000, 0x0000000088000000, 0x0000000088100000|  0%| F|  |TAMS 0x0000000088000000, 0x0000000088000000| Untracked 
|  99|0x0000000088100000, 0x0000000088100000, 0x0000000088200000|  0%| F|  |TAMS 0x0000000088100000, 0x0000000088100000| Untracked 
| 100|0x0000000088200000, 0x0000000088200000, 0x0000000088300000|  0%| F|  |TAMS 0x0000000088200000, 0x0000000088200000| Untracked 
| 101|0x0000000088300000, 0x0000000088300000, 0x0000000088400000|  0%| F|  |TAMS 0x0000000088300000, 0x0000000088300000| Untracked 
| 102|0x0000000088400000, 0x0000000088400000, 0x0000000088500000|  0%| F|  |TAMS 0x0000000088400000, 0x0000000088400000| Untracked 
| 103|0x0000000088500000, 0x0000000088500000, 0x0000000088600000|  0%| F|  |TAMS 0x0000000088500000, 0x0000000088500000| Untracked 
| 104|0x0000000088600000, 0x0000000088600000, 0x0000000088700000|  0%| F|  |TAMS 0x0000000088600000, 0x0000000088600000| Untracked 
| 105|0x0000000088700000, 0x0000000088700000, 0x0000000088800000|  0%| F|  |TAMS 0x0000000088700000, 0x0000000088700000| Untracked 
| 106|0x0000000088800000, 0x0000000088800000, 0x0000000088900000|  0%| F|  |TAMS 0x0000000088800000, 0x0000000088800000| Untracked 
| 107|0x0000000088900000, 0x0000000088900000, 0x0000000088a00000|  0%| F|  |TAMS 0x0000000088900000, 0x0000000088900000| Untracked 
| 108|0x0000000088a00000, 0x0000000088a00000, 0x0000000088b00000|  0%| F|  |TAMS 0x0000000088a00000, 0x0000000088a00000| Untracked 
| 109|0x0000000088b00000, 0x0000000088b00000, 0x0000000088c00000|  0%| F|  |TAMS 0x0000000088b00000, 0x0000000088b00000| Untracked 
| 110|0x0000000088c00000, 0x0000000088c00000, 0x0000000088d00000|  0%| F|  |TAMS 0x0000000088c00000, 0x0000000088c00000| Untracked 
| 111|0x0000000088d00000, 0x0000000088d00000, 0x0000000088e00000|  0%| F|  |TAMS 0x0000000088d00000, 0x0000000088d00000| Untracked 
| 112|0x0000000088e00000, 0x0000000088e00000, 0x0000000088f00000|  0%| F|  |TAMS 0x0000000088e00000, 0x0000000088e00000| Untracked 
| 113|0x0000000088f00000, 0x0000000088f00000, 0x0000000089000000|  0%| F|  |TAMS 0x0000000088f00000, 0x0000000088f00000| Untracked 
| 114|0x0000000089000000, 0x0000000089000000, 0x0000000089100000|  0%| F|  |TAMS 0x0000000089000000, 0x0000000089000000| Untracked 
| 115|0x0000000089100000, 0x0000000089100000, 0x0000000089200000|  0%| F|  |TAMS 0x0000000089100000, 0x0000000089100000| Untracked 
| 116|0x0000000089200000, 0x0000000089200000, 0x0000000089300000|  0%| F|  |TAMS 0x0000000089200000, 0x0000000089200000| Untracked 
| 117|0x0000000089300000, 0x0000000089300000, 0x0000000089400000|  0%| F|  |TAMS 0x0000000089300000, 0x0000000089300000| Untracked 
| 118|0x0000000089400000, 0x0000000089400000, 0x0000000089500000|  0%| F|  |TAMS 0x0000000089400000, 0x0000000089400000| Untracked 
| 119|0x0000000089500000, 0x0000000089500000, 0x0000000089600000|  0%| F|  |TAMS 0x0000000089500000, 0x0000000089500000| Untracked 
| 120|0x0000000089600000, 0x0000000089600000, 0x0000000089700000|  0%| F|  |TAMS 0x0000000089600000, 0x0000000089600000| Untracked 
| 121|0x0000000089700000, 0x0000000089700000, 0x0000000089800000|  0%| F|  |TAMS 0x0000000089700000, 0x0000000089700000| Untracked 
| 122|0x0000000089800000, 0x0000000089800000, 0x0000000089900000|  0%| F|  |TAMS 0x0000000089800000, 0x0000000089800000| Untracked 
| 123|0x0000000089900000, 0x0000000089900000, 0x0000000089a00000|  0%| F|  |TAMS 0x0000000089900000, 0x0000000089900000| Untracked 
| 124|0x0000000089a00000, 0x0000000089a00000, 0x0000000089b00000|  0%| F|  |TAMS 0x0000000089a00000, 0x0000000089a00000| Untracked 
| 125|0x0000000089b00000, 0x0000000089b00000, 0x0000000089c00000|  0%| F|  |TAMS 0x0000000089b00000, 0x0000000089b00000| Untracked 
| 126|0x0000000089c00000, 0x0000000089cd7938, 0x0000000089d00000| 84%| E|  |TAMS 0x0000000089c00000, 0x0000000089c00000| Complete 
| 127|0x0000000089d00000, 0x0000000089e00000, 0x0000000089e00000|100%| E|CS|TAMS 0x0000000089d00000, 0x0000000089d00000| Complete 

Card table byte_map: [0x000001d138d60000,0x000001d139160000] _byte_map_base: 0x000001d138951000

Marking Bits (Prev, Next): (CMBitMap*) 0x000001d120bf8de8, (CMBitMap*) 0x000001d120bf8e20
 Prev Bits: [0x000001d139560000, 0x000001d13b4e8000)
 Next Bits: [0x000001d13b4f0000, 0x000001d13d478000)

Polling page: 0x000001d11f280000

Metaspace:

Usage:
  Non-class:      4.77 MB capacity,     4.75 MB (>99%) used,    25.05 KB ( <1%) free+waste,     2.19 KB ( <1%) overhead. 
      Class:    470.00 KB capacity,   454.11 KB ( 97%) used,    14.58 KB (  3%) free+waste,     1.31 KB ( <1%) overhead. 
       Both:      5.23 MB capacity,     5.19 MB (>99%) used,    39.63 KB ( <1%) free+waste,     3.50 KB ( <1%) overhead. 

Virtual space:
  Non-class space:        8.00 MB reserved,       5.00 MB ( 63%) committed 
      Class space:        1.00 GB reserved,     512.00 KB ( <1%) committed 
             Both:        1.01 GB reserved,       5.50 MB ( <1%) committed 

Chunk freelists:
   Non-Class:  39.00 KB
       Class:  10.00 KB
        Both:  49.00 KB

MaxMetaspaceSize: 17179869184.00 GB
CompressedClassSpaceSize: 1.00 GB
Initial GC threshold: 20.80 MB
Current GC threshold: 20.80 MB
CDS: off

CodeHeap 'non-profiled nmethods': size=120064Kb used=28Kb max_used=28Kb free=120035Kb
 bounds [0x000001d130e00000, 0x000001d131070000, 0x000001d138340000]
CodeHeap 'profiled nmethods': size=120000Kb used=38Kb max_used=38Kb free=119961Kb
 bounds [0x000001d1298d0000, 0x000001d129b40000, 0x000001d130e00000]
CodeHeap 'non-nmethods': size=5696Kb used=1068Kb max_used=1068Kb free=4627Kb
 bounds [0x000001d129340000, 0x000001d1295b0000, 0x000001d1298d0000]
 total_blobs=367 nmethods=62 adapters=218
 compilation: enabled
              stopped_count=0, restarted_count=0
 full_count=0

Compilation events (20 events):
Event: 0.191 Thread 0x000001d13fb07000 nmethod 24 0x000001d130e00410 code [0x000001d130e005c0, 0x000001d130e00678]
Event: 0.192 Thread 0x000001d13fb07000   25       1       java.lang.module.ModuleReference::descriptor (5 bytes)
Event: 0.192 Thread 0x000001d13fb07000 nmethod 25 0x000001d130e00710 code [0x000001d130e008c0, 0x000001d130e00978]
Event: 0.192 Thread 0x000001d13fb07000   26       3       java.net.URI::hash (33 bytes)
Event: 0.192 Thread 0x000001d13fb07000 nmethod 26 0x000001d1298d7810 code [0x000001d1298d7a20, 0x000001d1298d7e98]
Event: 0.192 Thread 0x000001d13fb07000   27       3       java.lang.String::charAt (25 bytes)
Event: 0.193 Thread 0x000001d13fb07000 nmethod 27 0x000001d1298d8090 code [0x000001d1298d8280, 0x000001d1298d8638]
Event: 0.200 Thread 0x000001d13fb07000   29       3       java.util.ImmutableCollections$SetN$SetNIterator::nextIndex (56 bytes)
Event: 0.200 Thread 0x000001d13fae2800   30       4       java.lang.Object::<init> (1 bytes)
Event: 0.200 Thread 0x000001d13fb07000 nmethod 29 0x000001d1298d8790 code [0x000001d1298d8940, 0x000001d1298d8ab8]
Event: 0.200 Thread 0x000001d13fb07000   28       3       java.util.concurrent.ConcurrentHashMap::spread (10 bytes)
Event: 0.201 Thread 0x000001d13fb07000 nmethod 28 0x000001d1298d8b90 code [0x000001d1298d8d40, 0x000001d1298d8e38]
Event: 0.201 Thread 0x000001d13fae2800 nmethod 30 0x000001d130e00a10 code [0x000001d130e00ba0, 0x000001d130e00bf8]
Event: 0.201 Thread 0x000001d13fb07000   32       3       java.util.ImmutableCollections$SetN$SetNIterator::next (47 bytes)
Event: 0.201 Thread 0x000001d13fb07000 nmethod 32 0x000001d1298d8f10 code [0x000001d1298d9100, 0x000001d1298d9498]
Event: 0.201 Thread 0x000001d13fb07000   31       3       java.util.ImmutableCollections$SetN$SetNIterator::hasNext (13 bytes)
Event: 0.201 Thread 0x000001d13fb07000 nmethod 31 0x000001d1298d9610 code [0x000001d1298d97c0, 0x000001d1298d9918]
Event: 0.215 Thread 0x000001d13fb07000   34       1       java.lang.Enum::ordinal (5 bytes)
Event: 0.215 Thread 0x000001d13fb07000 nmethod 34 0x000001d130e01010 code [0x000001d130e011c0, 0x000001d130e01278]
Event: 0.216 Thread 0x000001d13fb07000   37   !   3       java.util.concurrent.ConcurrentHashMap::putVal (432 bytes)

GC Heap History (0 events):
No events

Deoptimization events (0 events):
No events

Classes redefined (0 events):
No events

Internal exceptions (0 events):
No events

Events (20 events):
Event: 0.216 loading class java/util/function/Predicate done
Event: 0.216 loading class java/lang/invoke/BootstrapMethodInvoker
Event: 0.216 loading class java/lang/invoke/BootstrapMethodInvoker done
Event: 0.216 loading class java/lang/invoke/Invokers$Holder
Event: 0.216 loading class java/lang/invoke/Invokers$Holder done
Event: 0.217 loading class java/lang/invoke/MethodHandleImpl$1
Event: 0.217 loading class jdk/internal/misc/JavaLangInvokeAccess
Event: 0.217 loading class jdk/internal/misc/JavaLangInvokeAccess done
Event: 0.217 loading class java/lang/invoke/MethodHandleImpl$1 done
Event: 0.217 loading class java/lang/invoke/InnerClassLambdaMetafactory
Event: 0.218 loading class java/lang/invoke/AbstractValidatingLambdaMetafactory
Event: 0.218 loading class java/lang/invoke/AbstractValidatingLambdaMetafactory done
Event: 0.218 loading class java/lang/invoke/InnerClassLambdaMetafactory done
Event: 0.218 loading class jdk/internal/org/objectweb/asm/Type
Event: 0.218 loading class jdk/internal/org/objectweb/asm/Type done
Event: 0.218 loading class sun/security/action/GetBooleanAction
Event: 0.218 loading class sun/security/action/GetBooleanAction done
Event: 0.218 loading class java/lang/invoke/InfoFromMemberName
Event: 0.219 loading class java/lang/invoke/MethodHandleInfo
Event: 0.219 loading class java/lang/invoke/MethodHandleInfo done


Dynamic libraries:
0x00007ff70f1a0000 - 0x00007ff70f1ad000 	C:\Users\ADMIN\.jdks\corretto-11.0.18\bin\java.exe
0x00007ffea2f10000 - 0x00007ffea3108000 	C:\Windows\SYSTEM32\ntdll.dll
0x00007ffea20a0000 - 0x00007ffea215f000 	C:\Windows\System32\KERNEL32.DLL
0x00007ffea0b70000 - 0x00007ffea0e42000 	C:\Windows\System32\KERNELBASE.dll
0x00007ffea0610000 - 0x00007ffea0710000 	C:\Windows\System32\ucrtbase.dll
0x00007ffe98680000 - 0x00007ffe98697000 	C:\Users\ADMIN\.jdks\corretto-11.0.18\bin\jli.dll
0x00007ffe96230000 - 0x00007ffe96249000 	C:\Users\ADMIN\.jdks\corretto-11.0.18\bin\VCRUNTIME140.dll
0x00007ffea1300000 - 0x00007ffea14a1000 	C:\Windows\System32\USER32.dll
0x00007ffea0f30000 - 0x00007ffea0f52000 	C:\Windows\System32\win32u.dll
0x00007ffe8c4c0000 - 0x00007ffe8c75a000 	C:\Windows\WinSxS\amd64_microsoft.windows.common-controls_6595b64144ccf1df_6.0.19041.1110_none_60b5254171f9507e\COMCTL32.dll
0x00007ffea1040000 - 0x00007ffea106b000 	C:\Windows\System32\GDI32.dll
0x00007ffea1570000 - 0x00007ffea160e000 	C:\Windows\System32\msvcrt.dll
0x00007ffea0840000 - 0x00007ffea094f000 	C:\Windows\System32\gdi32full.dll
0x00007ffea0710000 - 0x00007ffea07ad000 	C:\Windows\System32\msvcp_win.dll
0x00007ffea1010000 - 0x00007ffea1040000 	C:\Windows\System32\IMM32.DLL
0x00007ffe6fb70000 - 0x00007ffe6fc0b000 	C:\Users\ADMIN\.jdks\corretto-11.0.18\bin\msvcp140.dll
0x00007ffe50510000 - 0x00007ffe5109a000 	C:\Users\ADMIN\.jdks\corretto-11.0.18\bin\server\jvm.dll
0x00007ffea0f60000 - 0x00007ffea100e000 	C:\Windows\System32\ADVAPI32.dll
0x00007ffea11f0000 - 0x00007ffea128c000 	C:\Windows\System32\sechost.dll
0x00007ffea1970000 - 0x00007ffea1a94000 	C:\Windows\System32\RPCRT4.dll
0x00007ffea2ec0000 - 0x00007ffea2ec8000 	C:\Windows\System32\PSAPI.DLL
0x00007ffe8cf70000 - 0x00007ffe8cf79000 	C:\Windows\SYSTEM32\WSOCK32.dll
0x00007ffe97520000 - 0x00007ffe9752a000 	C:\Windows\SYSTEM32\VERSION.dll
0x00007ffea1290000 - 0x00007ffea12fb000 	C:\Windows\System32\WS2_32.dll
0x00007ffe85100000 - 0x00007ffe85127000 	C:\Windows\SYSTEM32\WINMM.dll
0x00007ffe9eeb0000 - 0x00007ffe9eec2000 	C:\Windows\SYSTEM32\kernel.appcore.dll
0x00007ffe989a0000 - 0x00007ffe989b0000 	C:\Users\ADMIN\.jdks\corretto-11.0.18\bin\verify.dll
0x00007ffe9b380000 - 0x00007ffe9b564000 	C:\Windows\SYSTEM32\DBGHELP.DLL
0x00007ffe8db60000 - 0x00007ffe8db95000 	C:\Windows\SYSTEM32\dbgcore.DLL
0x00007ffea07b0000 - 0x00007ffea0832000 	C:\Windows\System32\bcryptPrimitives.dll
0x00007ffe95db0000 - 0x00007ffe95dd8000 	C:\Users\ADMIN\.jdks\corretto-11.0.18\bin\java.dll
0x00007ffe98670000 - 0x00007ffe9867a000 	C:\Users\ADMIN\.jdks\corretto-11.0.18\bin\jimage.dll
0x00007ffe97570000 - 0x00007ffe9757e000 	C:\Users\ADMIN\.jdks\corretto-11.0.18\bin\instrument.dll
0x00007ffe7dde0000 - 0x00007ffe7ddf8000 	C:\Users\ADMIN\.jdks\corretto-11.0.18\bin\zip.dll
0x00007ffea2770000 - 0x00007ffea2eb5000 	C:\Windows\System32\SHELL32.dll
0x00007ffe9b570000 - 0x00007ffe9bd02000 	C:\Windows\SYSTEM32\windows.storage.dll
0x00007ffea1610000 - 0x00007ffea1965000 	C:\Windows\System32\combase.dll
0x00007ffea0000000 - 0x00007ffea0030000 	C:\Windows\SYSTEM32\Wldp.dll
0x00007ffea1070000 - 0x00007ffea111d000 	C:\Windows\System32\SHCORE.dll
0x00007ffea1510000 - 0x00007ffea1565000 	C:\Windows\System32\shlwapi.dll
0x00007ffea0550000 - 0x00007ffea056f000 	C:\Windows\SYSTEM32\profapi.dll
0x00007ffe77ec0000 - 0x00007ffe77ed9000 	C:\Users\ADMIN\.jdks\corretto-11.0.18\bin\net.dll

dbghelp: loaded successfully - version: 4.0.5 - missing functions: none
symbol engine: initialized successfully - sym options: 0x614 - pdb path: .;C:\Users\ADMIN\.jdks\corretto-11.0.18\bin;C:\Windows\SYSTEM32;C:\Windows\WinSxS\amd64_microsoft.windows.common-controls_6595b64144ccf1df_6.0.19041.1110_none_60b5254171f9507e;C:\Users\ADMIN\.jdks\corretto-11.0.18\bin\server

VM Arguments:
jvm_args: -javaagent:C:\Program Files\JetBrains\IntelliJ IDEA Community Edition 2022.2.3\lib\idea_rt.jar=63355:C:\Program Files\JetBrains\IntelliJ IDEA Community Edition 2022.2.3\bin -Dfile.encoding=UTF-8 
java_command: Main
java_class_path (initial): D:\G.INF\Github\ptrojet\out\production\Java-Project
Launcher Type: SUN_STANDARD

[Global flags]
     intx CICompilerCount                          = 3                                         {product} {ergonomic}
     uint ConcGCThreads                            = 1                                         {product} {ergonomic}
     uint G1ConcRefinementThreads                  = 4                                         {product} {ergonomic}
   size_t G1HeapRegionSize                         = 1048576                                   {product} {ergonomic}
    uintx GCDrainStackTargetSize                   = 64                                        {product} {ergonomic}
   size_t InitialHeapSize                          = 134217728                                 {product} {ergonomic}
   size_t MarkStackSize                            = 4194304                                   {product} {ergonomic}
   size_t MaxHeapSize                              = 2116026368                                {product} {ergonomic}
   size_t MaxNewSize                               = 1268776960                                {product} {ergonomic}
   size_t MinHeapDeltaBytes                        = 1048576                                   {product} {ergonomic}
    uintx NonNMethodCodeHeapSize                   = 5830732                                {pd product} {ergonomic}
    uintx NonProfiledCodeHeapSize                  = 122913754                              {pd product} {ergonomic}
    uintx ProfiledCodeHeapSize                     = 122913754                              {pd product} {ergonomic}
    uintx ReservedCodeCacheSize                    = 251658240                              {pd product} {ergonomic}
     bool SegmentedCodeCache                       = true                                      {product} {ergonomic}
     bool UseCompressedClassPointers               = true                                 {lp64_product} {ergonomic}
     bool UseCompressedOops                        = true                                 {lp64_product} {ergonomic}
     bool UseG1GC                                  = true                                      {product} {ergonomic}
     bool UseLargePagesIndividualAllocation        = false                                  {pd product} {ergonomic}

Logging:
Log output configuration:
 #0: stdout all=warning uptime,level,tags
 #1: stderr all=off uptime,level,tags

Environment Variables:
PATH=C:\Program Files\Java\jdk1.8.0_351\bin;C:\Program Files (x86)\Common Files\Oracle\Java\javapath;C:\app\ADMIN\product\21c\dbhomeXE\bin;C:\Windows\system32;C:\Windows;C:\Windows\System32\Wbem;C:\Windows\System32\WindowsPowerShell\v1.0\;C:\Windows\System32\OpenSSH\;C:\Program Files (x86)\Intel\Intel(R) Management Engine Components\DAL;C:\Program Files\Intel\Intel(R) Management Engine Components\DAL;C:\MinGW\bin;C:\Program Files\nodejs\;C:\Program Files\MySQL\MySQL Server 8.0\bin;C:\Program Files\dotnet\;C:\Program Files\Git\cmd;C:\Program Files\Java\jdk1.8.0_351\bin;C:\Users\ADMIN\AppData\Local\Microsoft\WindowsApps;C:\Users\ADMIN\AppData\Local\Programs\Microsoft VS Code\bin;C:\Users\ADMIN\AppData\Roaming\npm;C:\Program Files\JetBrains\IntelliJ IDEA Community Edition 2022.2.3\bin;;C:\Users\ADMIN\AppData\Local\GitHubDesktop\bin;
USERNAME=ADMIN
OS=Windows_NT
PROCESSOR_IDENTIFIER=Intel64 Family 6 Model 142 Stepping 9, GenuineIntel
TMP=C:\Users\ADMIN\AppData\Local\Temp
TEMP=C:\Users\ADMIN\AppData\Local\Temp



---------------  S Y S T E M  ---------------

OS: Windows 10 , 64 bit Build 19041 (10.0.19041.2546)
OS uptime: 2 days 6:14 hours

CPU:total 4 (initial active 4) (2 cores per cpu, 2 threads per core) family 6 model 142 stepping 9 microcode 0xec, cmov, cx8, fxsr, mmx, sse, sse2, sse3, ssse3, sse4.1, sse4.2, popcnt, avx, avx2, aes, clmul, erms, 3dnowpref, lzcnt, ht, tsc, tscinvbit, bmi1, bmi2, adx, fma

Memory: 4k page, system-wide physical 8067M (1524M free)
TotalPageFile size 10115M (AvailPageFile size 1M)
current process WorkingSet (physical memory assigned to process): 33M, peak: 33M
current process commit charge ("private bytes"): 196M, peak: 196M

vm_info: OpenJDK 64-Bit Server VM (11.0.18+10-LTS) for windows-amd64 JRE (11.0.18+10-LTS), built on Jan 10 2023 20:17:52 by "Administrator" with MS VC++ 15.9 (VS2017)

END.
